#-----------------------------------------------------------
# Vivado v2023.1 (64-bit)
# SW Build 3865809 on Sun May  7 15:05:29 MDT 2023
# IP Build 3864474 on Sun May  7 20:36:21 MDT 2023
# SharedData Build 3865790 on Sun May 07 13:33:03 MDT 2023
# Start of session at: Thu Mar 21 17:12:18 2024
# Process ID: 1436
# Current directory: D:/prj_FPGA/p2_cmoda7_MP3202_Demo
# Command line: vivado.exe -gui_launcher_event rodinguilauncherevent15104 D:\prj_FPGA\p2_cmoda7_MP3202_Demo\p2_cmoda7_MP3202_Demo.xpr
# Log file: D:/prj_FPGA/p2_cmoda7_MP3202_Demo/vivado.log
# Journal file: D:/prj_FPGA/p2_cmoda7_MP3202_Demo\vivado.jou
# Running On: Mayer-Laptop, OS: Windows, CPU Frequency: 2592 MHz, CPU Physical cores: 6, Host memory: 17041 MB
#-----------------------------------------------------------
start_gui
open_project D:/prj_FPGA/p2_cmoda7_MP3202_Demo/p2_cmoda7_MP3202_Demo.xpr
WARNING: [Board 49-26] cannot add Board Part xilinx.com:kc705:part0:1.6 available at E:/Xilinx/Vivado/2023.1/data/xhub/boards/XilinxBoardStore/boards/Xilinx/kc705/1.6/board.xml as part xc7k325tffg900-2 specified in board_part file is either invalid or not available
WARNING: [Board 49-26] cannot add Board Part xilinx.com:kcu105:part0:1.6 available at E:/Xilinx/Vivado/2023.1/data/xhub/boards/XilinxBoardStore/boards/Xilinx/kcu105/1.6/board.xml as part xcku040-ffva1156-2-e specified in board_part file is either invalid or not available
WARNING: [Board 49-26] cannot add Board Part xilinx.com:kcu105:part0:1.7 available at E:/Xilinx/Vivado/2023.1/data/xhub/boards/XilinxBoardStore/boards/Xilinx/kcu105/1.7/board.xml as part xcku040-ffva1156-2-e specified in board_part file is either invalid or not available
WARNING: [Board 49-26] cannot add Board Part xilinx.com:kcu116:part0:1.4 available at E:/Xilinx/Vivado/2023.1/data/xhub/boards/XilinxBoardStore/boards/Xilinx/kcu116/1.4/board.xml as part xcku5p-ffvb676-2-e specified in board_part file is either invalid or not available
WARNING: [Board 49-26] cannot add Board Part xilinx.com:kcu116:part0:1.5 available at E:/Xilinx/Vivado/2023.1/data/xhub/boards/XilinxBoardStore/boards/Xilinx/kcu116/1.5/board.xml as part xcku5p-ffvb676-2-e specified in board_part file is either invalid or not available
WARNING: [Board 49-26] cannot add Board Part xilinx.com:kcu1500:part0:1.2 available at E:/Xilinx/Vivado/2023.1/data/xhub/boards/XilinxBoardStore/boards/Xilinx/kcu1500/1.2/board.xml as part xcku115-flvb2104-2-e specified in board_part file is either invalid or not available
WARNING: [Board 49-26] cannot add Board Part xilinx.com:sp701:part0:1.0 available at E:/Xilinx/Vivado/2023.1/data/xhub/boards/XilinxBoardStore/boards/Xilinx/sp701/1.0/board.xml as part xc7s100fgga676-2 specified in board_part file is either invalid or not available
WARNING: [Board 49-26] cannot add Board Part xilinx.com:sp701:part0:1.1 available at E:/Xilinx/Vivado/2023.1/data/xhub/boards/XilinxBoardStore/boards/Xilinx/sp701/1.1/board.xml as part xc7s100fgga676-2 specified in board_part file is either invalid or not available
WARNING: [Board 49-26] cannot add Board Part xilinx.com:vc707:part0:1.4 available at E:/Xilinx/Vivado/2023.1/data/xhub/boards/XilinxBoardStore/boards/Xilinx/vc707/1.4/board.xml as part xc7vx485tffg1761-2 specified in board_part file is either invalid or not available
WARNING: [Board 49-26] cannot add Board Part xilinx.com:vc709:part0:1.8 available at E:/Xilinx/Vivado/2023.1/data/xhub/boards/XilinxBoardStore/boards/Xilinx/vc709/1.8/board.xml as part xc7vx690tffg1761-2 specified in board_part file is either invalid or not available
WARNING: [Board 49-26] cannot add Board Part xilinx.com:vck190:part0:2.2 available at E:/Xilinx/Vivado/2023.1/data/xhub/boards/XilinxBoardStore/boards/Xilinx/vck190/production/2.2/board.xml as part xcvc1902-vsva2197-2mp-e-s specified in board_part file is either invalid or not available
WARNING: [Board 49-26] cannot add Board Part xilinx.com:vck190:part0:3.0 available at E:/Xilinx/Vivado/2023.1/data/xhub/boards/XilinxBoardStore/boards/Xilinx/vck190/production/3.0/board.xml as part xcvc1902-vsva2197-2mp-e-s specified in board_part file is either invalid or not available
WARNING: [Board 49-26] cannot add Board Part xilinx.com:vck190:part0:3.1 available at E:/Xilinx/Vivado/2023.1/data/xhub/boards/XilinxBoardStore/boards/Xilinx/vck190/production/3.1/board.xml as part xcvc1902-vsva2197-2mp-e-s specified in board_part file is either invalid or not available
WARNING: [Board 49-26] cannot add Board Part xilinx.com:vck190:part0:3.2 available at E:/Xilinx/Vivado/2023.1/data/xhub/boards/XilinxBoardStore/boards/Xilinx/vck190/production/3.2/board.xml as part xcvc1902-vsva2197-2mp-e-s specified in board_part file is either invalid or not available
WARNING: [Board 49-26] cannot add Board Part xilinx.com:vck190_newl:part0:1.0 available at E:/Xilinx/Vivado/2023.1/data/xhub/boards/XilinxBoardStore/boards/Xilinx/vck190_newl/production/1.0/board.xml as part xcvc1902-vsva2197-2mp-e-s specified in board_part file is either invalid or not available
WARNING: [Board 49-26] cannot add Board Part xilinx.com:vck190_newl:part0:1.1 available at E:/Xilinx/Vivado/2023.1/data/xhub/boards/XilinxBoardStore/boards/Xilinx/vck190_newl/production/1.1/board.xml as part xcvc1902-vsva2197-2mp-e-s specified in board_part file is either invalid or not available
WARNING: [Board 49-26] cannot add Board Part xilinx.com:vcu108:part0:1.6 available at E:/Xilinx/Vivado/2023.1/data/xhub/boards/XilinxBoardStore/boards/Xilinx/vcu108/1.6/board.xml as part xcvu095-ffva2104-2-e specified in board_part file is either invalid or not available
WARNING: [Board 49-26] cannot add Board Part xilinx.com:vcu108:part0:1.7 available at E:/Xilinx/Vivado/2023.1/data/xhub/boards/XilinxBoardStore/boards/Xilinx/vcu108/1.7/board.xml as part xcvu095-ffva2104-2-e specified in board_part file is either invalid or not available
WARNING: [Board 49-26] cannot add Board Part xilinx.com:vcu110:part0:1.4 available at E:/Xilinx/Vivado/2023.1/data/xhub/boards/XilinxBoardStore/boards/Xilinx/vcu110/1.4/board.xml as part xcvu190-flgc2104-2-e specified in board_part file is either invalid or not available
WARNING: [Board 49-26] cannot add Board Part xilinx.com:vcu118:part0:2.0 available at E:/Xilinx/Vivado/2023.1/data/xhub/boards/XilinxBoardStore/boards/Xilinx/vcu118/2.0/board.xml as part xcvu9p-flga2104-2l-e specified in board_part file is either invalid or not available
WARNING: [Board 49-26] cannot add Board Part xilinx.com:vcu118:part0:2.3 available at E:/Xilinx/Vivado/2023.1/data/xhub/boards/XilinxBoardStore/boards/Xilinx/vcu118/2.3/board.xml as part xcvu9p-flga2104-2l-e specified in board_part file is either invalid or not available
WARNING: [Board 49-26] cannot add Board Part xilinx.com:vcu118:part0:2.4 available at E:/Xilinx/Vivado/2023.1/data/xhub/boards/XilinxBoardStore/boards/Xilinx/vcu118/2.4/board.xml as part xcvu9p-flga2104-2l-e specified in board_part file is either invalid or not available
WARNING: [Board 49-26] cannot add Board Part xilinx.com:vcu128:part0:1.0 available at E:/Xilinx/Vivado/2023.1/data/xhub/boards/XilinxBoardStore/boards/Xilinx/vcu128/production/1.0/board.xml as part xcvu37p-fsvh2892-2l-e specified in board_part file is either invalid or not available
WARNING: [Board 49-26] cannot add Board Part xilinx.com:vcu129:part0:1.0 available at E:/Xilinx/Vivado/2023.1/data/xhub/boards/XilinxBoardStore/boards/Xilinx/vcu129/production/1.0/board.xml as part xcvu29p-fsga2577-2l-e specified in board_part file is either invalid or not available
WARNING: [Board 49-26] cannot add Board Part xilinx.com:vcu1525:part0:1.3 available at E:/Xilinx/Vivado/2023.1/data/xhub/boards/XilinxBoardStore/boards/Xilinx/vcu1525/1.3/board.xml as part xcvu9p-fsgd2104-2l-e specified in board_part file is either invalid or not available
WARNING: [Board 49-26] cannot add Board Part xilinx.com:vek280_es:part0:1.0 available at E:/Xilinx/Vivado/2023.1/data/xhub/boards/XilinxBoardStore/boards/Xilinx/vek280/es/rev_a/1.0/board.xml as part xcve2802-vsvh1760-2lp-e-s-es1 specified in board_part file is either invalid or not available
WARNING: [Board 49-26] cannot add Board Part xilinx.com:vek280_es:part0:1.1 available at E:/Xilinx/Vivado/2023.1/data/xhub/boards/XilinxBoardStore/boards/Xilinx/vek280/es/rev_a/1.1/board.xml as part xcve2802-vsvh1760-2lp-e-s-es1 specified in board_part file is either invalid or not available
WARNING: [Board 49-26] cannot add Board Part xilinx.com:vek280_es_revb:part0:1.0 available at E:/Xilinx/Vivado/2023.1/data/xhub/boards/XilinxBoardStore/boards/Xilinx/vek280/es/rev_b/1.0/board.xml as part xcve2802-vsvh1760-2mp-e-s-es1 specified in board_part file is either invalid or not available
WARNING: [Board 49-26] cannot add Board Part xilinx.com:vek280_es_revb:part0:1.1 available at E:/Xilinx/Vivado/2023.1/data/xhub/boards/XilinxBoardStore/boards/Xilinx/vek280/es/rev_b/1.1/board.xml as part xcve2802-vsvh1760-2mp-e-s-es1 specified in board_part file is either invalid or not available
WARNING: [Board 49-26] cannot add Board Part xilinx.com:vermeo_t1_rfsoc:part0:1.0 available at E:/Xilinx/Vivado/2023.1/data/xhub/boards/XilinxBoardStore/boards/Xilinx/vermeo_t1_rfsoc/1.0/board.xml as part xczu21dr-ffvd1156-2l-e specified in board_part file is either invalid or not available
WARNING: [Board 49-26] cannot add Board Part xilinx.com:vhk158:part0:1.0 available at E:/Xilinx/Vivado/2023.1/data/xhub/boards/XilinxBoardStore/boards/Xilinx/vhk158/production/1.0/board.xml as part xcvh1582-vsva3697-2mp-e-s specified in board_part file is either invalid or not available
WARNING: [Board 49-26] cannot add Board Part xilinx.com:vhk158_es:part0:1.0 available at E:/Xilinx/Vivado/2023.1/data/xhub/boards/XilinxBoardStore/boards/Xilinx/vhk158/es/1.0/board.xml as part xcvh1582-vsva3697-2mp-e-s-es1 specified in board_part file is either invalid or not available
WARNING: [Board 49-26] cannot add Board Part xilinx.com:vhk158_es:part0:1.1 available at E:/Xilinx/Vivado/2023.1/data/xhub/boards/XilinxBoardStore/boards/Xilinx/vhk158/es/1.1/board.xml as part xcvh1582-vsva3697-2mp-e-s-es1 specified in board_part file is either invalid or not available
WARNING: [Board 49-26] cannot add Board Part xilinx.com:vmk180:part0:2.2 available at E:/Xilinx/Vivado/2023.1/data/xhub/boards/XilinxBoardStore/boards/Xilinx/vmk180/production/2.2/board.xml as part xcvm1802-vsva2197-2mp-e-s specified in board_part file is either invalid or not available
WARNING: [Board 49-26] cannot add Board Part xilinx.com:vmk180:part0:3.0 available at E:/Xilinx/Vivado/2023.1/data/xhub/boards/XilinxBoardStore/boards/Xilinx/vmk180/production/3.0/board.xml as part xcvm1802-vsva2197-2mp-e-s specified in board_part file is either invalid or not available
WARNING: [Board 49-26] cannot add Board Part xilinx.com:vmk180:part0:3.1 available at E:/Xilinx/Vivado/2023.1/data/xhub/boards/XilinxBoardStore/boards/Xilinx/vmk180/production/3.1/board.xml as part xcvm1802-vsva2197-2mp-e-s specified in board_part file is either invalid or not available
WARNING: [Board 49-26] cannot add Board Part xilinx.com:vmk180:part0:3.2 available at E:/Xilinx/Vivado/2023.1/data/xhub/boards/XilinxBoardStore/boards/Xilinx/vmk180/production/3.2/board.xml as part xcvm1802-vsva2197-2mp-e-s specified in board_part file is either invalid or not available
WARNING: [Board 49-26] cannot add Board Part xilinx.com:vmk180_newl:part0:1.0 available at E:/Xilinx/Vivado/2023.1/data/xhub/boards/XilinxBoardStore/boards/Xilinx/vmk180_newl/production/1.0/board.xml as part xcvm1802-vsva2197-2mp-e-s specified in board_part file is either invalid or not available
WARNING: [Board 49-26] cannot add Board Part xilinx.com:vmk180_newl:part0:1.1 available at E:/Xilinx/Vivado/2023.1/data/xhub/boards/XilinxBoardStore/boards/Xilinx/vmk180_newl/production/1.1/board.xml as part xcvm1802-vsva2197-2mp-e-s specified in board_part file is either invalid or not available
WARNING: [Board 49-26] cannot add Board Part xilinx.com:vpk120:part0:1.0 available at E:/Xilinx/Vivado/2023.1/data/xhub/boards/XilinxBoardStore/boards/Xilinx/vpk120/production/1.0/board.xml as part xcvp1202-vsva2785-2mp-e-s specified in board_part file is either invalid or not available
WARNING: [Board 49-26] cannot add Board Part xilinx.com:vpk120:part0:1.1 available at E:/Xilinx/Vivado/2023.1/data/xhub/boards/XilinxBoardStore/boards/Xilinx/vpk120/production/1.1/board.xml as part xcvp1202-vsva2785-2mp-e-s specified in board_part file is either invalid or not available
WARNING: [Board 49-26] cannot add Board Part xilinx.com:vpk120_es:part0:1.2 available at E:/Xilinx/Vivado/2023.1/data/xhub/boards/XilinxBoardStore/boards/Xilinx/vpk120/es/1.2/board.xml as part xcvp1202-vsva2785-2mp-e-s-es1 specified in board_part file is either invalid or not available
WARNING: [Board 49-26] cannot add Board Part xilinx.com:vpk120_es:part0:1.3 available at E:/Xilinx/Vivado/2023.1/data/xhub/boards/XilinxBoardStore/boards/Xilinx/vpk120/es/1.3/board.xml as part xcvp1202-vsva2785-2mp-e-s-es1 specified in board_part file is either invalid or not available
WARNING: [Board 49-26] cannot add Board Part xilinx.com:vpk120_es_revb:part0:1.0 available at E:/Xilinx/Vivado/2023.1/data/xhub/boards/XilinxBoardStore/boards/Xilinx/vpk120_revb/es/1.0/board.xml as part xcvp1202-vsva2785-2mp-e-s-es1 specified in board_part file is either invalid or not available
WARNING: [Board 49-26] cannot add Board Part xilinx.com:vpk120_es_revb:part0:1.1 available at E:/Xilinx/Vivado/2023.1/data/xhub/boards/XilinxBoardStore/boards/Xilinx/vpk120_revb/es/1.1/board.xml as part xcvp1202-vsva2785-2mp-e-s-es1 specified in board_part file is either invalid or not available
WARNING: [Board 49-26] cannot add Board Part xilinx.com:vpk180:part0:1.0 available at E:/Xilinx/Vivado/2023.1/data/xhub/boards/XilinxBoardStore/boards/Xilinx/vpk180/production/1.0/board.xml as part xcvp1802-lsvc4072-2mp-e-s specified in board_part file is either invalid or not available
WARNING: [Board 49-26] cannot add Board Part xilinx.com:vpk180:part0:1.1 available at E:/Xilinx/Vivado/2023.1/data/xhub/boards/XilinxBoardStore/boards/Xilinx/vpk180/production/1.1/board.xml as part xcvp1802-lsvc4072-2mp-e-s specified in board_part file is either invalid or not available
WARNING: [Board 49-26] cannot add Board Part xilinx.com:vpk180_es:part0:1.0 available at E:/Xilinx/Vivado/2023.1/data/xhub/boards/XilinxBoardStore/boards/Xilinx/vpk180/es/1.0/board.xml as part xcvp1802-lsvc4072-2mp-e-s-es1 specified in board_part file is either invalid or not available
WARNING: [Board 49-26] cannot add Board Part xilinx.com:vpk180_es:part0:1.1 available at E:/Xilinx/Vivado/2023.1/data/xhub/boards/XilinxBoardStore/boards/Xilinx/vpk180/es/1.1/board.xml as part xcvp1802-lsvc4072-2mp-e-s-es1 specified in board_part file is either invalid or not available
WARNING: [Board 49-26] cannot add Board Part xilinx.com:zcu111:part0:1.2 available at E:/Xilinx/Vivado/2023.1/data/xhub/boards/XilinxBoardStore/boards/Xilinx/zcu111/1.2/board.xml as part xczu28dr-ffvg1517-2-e specified in board_part file is either invalid or not available
WARNING: [Board 49-26] cannot add Board Part xilinx.com:zcu111:part0:1.3 available at E:/Xilinx/Vivado/2023.1/data/xhub/boards/XilinxBoardStore/boards/Xilinx/zcu111/1.3/board.xml as part xczu28dr-ffvg1517-2-e specified in board_part file is either invalid or not available
WARNING: [Board 49-26] cannot add Board Part xilinx.com:zcu111:part0:1.4 available at E:/Xilinx/Vivado/2023.1/data/xhub/boards/XilinxBoardStore/boards/Xilinx/zcu111/1.4/board.xml as part xczu28dr-ffvg1517-2-e specified in board_part file is either invalid or not available
WARNING: [Board 49-26] cannot add Board Part xilinx.com:zcu1275:part0:1.0 available at E:/Xilinx/Vivado/2023.1/data/xhub/boards/XilinxBoardStore/boards/Xilinx/zcu1275/1.0/board.xml as part xczu29dr-ffvf1760-2-e specified in board_part file is either invalid or not available
WARNING: [Board 49-26] cannot add Board Part xilinx.com:zcu1285:part0:1.0 available at E:/Xilinx/Vivado/2023.1/data/xhub/boards/XilinxBoardStore/boards/Xilinx/zcu1285/1.0/board.xml as part xczu39dr-ffvf1760-2-i specified in board_part file is either invalid or not available
WARNING: [Board 49-26] cannot add Board Part xilinx.com:zcu208:part0:2.0 available at E:/Xilinx/Vivado/2023.1/data/xhub/boards/XilinxBoardStore/boards/Xilinx/zcu208/production/2.0/board.xml as part xczu48dr-fsvg1517-2-e specified in board_part file is either invalid or not available
WARNING: [Board 49-26] cannot add Board Part xilinx.com:zcu208ld:part0:2.0 available at E:/Xilinx/Vivado/2023.1/data/xhub/boards/XilinxBoardStore/boards/Xilinx/zcu208ld/production/2.0/board.xml as part xczu58dr-fsvg1517-2-i specified in board_part file is either invalid or not available
WARNING: [Board 49-26] cannot add Board Part xilinx.com:zcu216:part0:2.0 available at E:/Xilinx/Vivado/2023.1/data/xhub/boards/XilinxBoardStore/boards/Xilinx/zcu216/production/2.0/board.xml as part xczu49dr-ffvf1760-2-e specified in board_part file is either invalid or not available
WARNING: [Board 49-26] cannot add Board Part xilinx.com:zcu216ld:part0:2.0 available at E:/Xilinx/Vivado/2023.1/data/xhub/boards/XilinxBoardStore/boards/Xilinx/zcu216ld/production/2.0/board.xml as part xczu59dr-ffvf1760-2-i specified in board_part file is either invalid or not available
WARNING: [Board 49-26] cannot add Board Part xilinx.com:zcu670:part0:2.0 available at E:/Xilinx/Vivado/2023.1/data/xhub/boards/XilinxBoardStore/boards/Xilinx/zcu670/2.0/board.xml as part xczu67dr-fsve1156-2-i specified in board_part file is either invalid or not available
WARNING: [Board 49-26] cannot add Board Part xilinx.com:zcu670ld:part0:1.0 available at E:/Xilinx/Vivado/2023.1/data/xhub/boards/XilinxBoardStore/boards/Xilinx/zcu670ld/1.0/board.xml as part xczu57dr-fsve1156-2-i specified in board_part file is either invalid or not available
INFO: [Project 1-313] Project file moved from 'D:/prj_FPGA/p0_cmoda7_UART_Demo' since last save.
INFO: [filemgmt 56-3] Default IP Output Path : Could not find the directory 'D:/prj_FPGA/p2_cmoda7_MP3202_Demo/p2_cmoda7_MP3202_Demo.gen/sources_1'.
WARNING: [filemgmt 56-3] IPUserFilesDir: Could not find the directory 'D:/prj_FPGA/p2_cmoda7_MP3202_Demo/p2_cmoda7_MP3202_Demo.ip_user_files'.
Scanning sources...
Finished scanning sources
WARNING: [Project 1-509] GeneratedRun file for 'synth_1' not found
WARNING: [Project 1-509] GeneratedRun file for 'impl_1' not found
INFO: [IP_Flow 19-234] Refreshing IP repositories
INFO: [IP_Flow 19-1704] No user IP repositories specified
INFO: [IP_Flow 19-2313] Loaded Vivado IP repository 'E:/Xilinx/Vivado/2023.1/data/ip'.
open_project: Time (s): cpu = 00:00:12 ; elapsed = 00:00:10 . Memory (MB): peak = 1425.727 ; gain = 243.348
update_compile_order -fileset sources_1
export_ip_user_files -of_objects  [get_files D:/prj_FPGA/p2_cmoda7_MP3202_Demo/p2_cmoda7_MP3202_Demo.srcs/sources_1/new/uart_tx.v] -no_script -reset -force -quiet
export_ip_user_files -of_objects  [get_files D:/prj_FPGA/p2_cmoda7_MP3202_Demo/p2_cmoda7_MP3202_Demo.srcs/sources_1/new/uart_rx.v] -no_script -reset -force -quiet
export_ip_user_files -of_objects  [get_files D:/prj_FPGA/p2_cmoda7_MP3202_Demo/p2_cmoda7_MP3202_Demo.srcs/sources_1/new/topmodule.v] -no_script -reset -force -quiet
remove_files  {D:/prj_FPGA/p2_cmoda7_MP3202_Demo/p2_cmoda7_MP3202_Demo.srcs/sources_1/new/uart_tx.v D:/prj_FPGA/p2_cmoda7_MP3202_Demo/p2_cmoda7_MP3202_Demo.srcs/sources_1/new/uart_rx.v D:/prj_FPGA/p2_cmoda7_MP3202_Demo/p2_cmoda7_MP3202_Demo.srcs/sources_1/new/topmodule.v}
export_ip_user_files -of_objects  [get_files D:/prj_FPGA/p2_cmoda7_MP3202_Demo/p2_cmoda7_MP3202_Demo.srcs/sources_1/new/clock_div.v] -no_script -reset -force -quiet
export_ip_user_files -of_objects  [get_files D:/prj_FPGA/p2_cmoda7_MP3202_Demo/p2_cmoda7_MP3202_Demo.srcs/sources_1/new/drv_segment.v] -no_script -reset -force -quiet
remove_files  {D:/prj_FPGA/p2_cmoda7_MP3202_Demo/p2_cmoda7_MP3202_Demo.srcs/sources_1/new/clock_div.v D:/prj_FPGA/p2_cmoda7_MP3202_Demo/p2_cmoda7_MP3202_Demo.srcs/sources_1/new/drv_segment.v}
export_ip_user_files -of_objects  [get_files D:/prj_FPGA/p2_cmoda7_MP3202_Demo/p2_cmoda7_MP3202_Demo.srcs/sim_1/new/uart_tb.v] -no_script -reset -force -quiet
export_ip_user_files -of_objects  [get_files D:/prj_FPGA/p2_cmoda7_MP3202_Demo/p2_cmoda7_MP3202_Demo.srcs/sim_1/new/clock_div_tb.v] -no_script -reset -force -quiet
remove_files  -fileset sim_1 {D:/prj_FPGA/p2_cmoda7_MP3202_Demo/p2_cmoda7_MP3202_Demo.srcs/sim_1/new/uart_tb.v D:/prj_FPGA/p2_cmoda7_MP3202_Demo/p2_cmoda7_MP3202_Demo.srcs/sim_1/new/clock_div_tb.v}
import_files {D:/prj_FPGA/p1_cmoda7_XADC_Demo/p1_cmoda7_XADC_Demo.srcs/sources_1/new/topmodule.v D:/prj_FPGA/p1_cmoda7_XADC_Demo/p1_cmoda7_XADC_Demo.srcs/sources_1/new/clock_div.v D:/prj_FPGA/p1_cmoda7_XADC_Demo/p1_cmoda7_XADC_Demo.srcs/sources_1/new/drv_segment.v D:/prj_FPGA/p1_cmoda7_XADC_Demo/p1_cmoda7_XADC_Demo.srcs/sources_1/new/uart_tx.v D:/prj_FPGA/p1_cmoda7_XADC_Demo/p1_cmoda7_XADC_Demo.srcs/sources_1/new/uart_rx.v}
update_compile_order -fileset sources_1
export_ip_user_files -of_objects  [get_files D:/prj_FPGA/p2_cmoda7_MP3202_Demo/p2_cmoda7_MP3202_Demo.srcs/sources_1/imports/new/uart_rx.v] -no_script -reset -force -quiet
remove_files  D:/prj_FPGA/p2_cmoda7_MP3202_Demo/p2_cmoda7_MP3202_Demo.srcs/sources_1/imports/new/uart_rx.v
export_ip_user_files -of_objects  [get_files D:/prj_FPGA/p2_cmoda7_MP3202_Demo/p2_cmoda7_MP3202_Demo.srcs/sources_1/imports/new/uart_tx.v] -no_script -reset -force -quiet
remove_files  D:/prj_FPGA/p2_cmoda7_MP3202_Demo/p2_cmoda7_MP3202_Demo.srcs/sources_1/imports/new/uart_tx.v
export_ip_user_files -of_objects  [get_files D:/prj_FPGA/p2_cmoda7_MP3202_Demo/p2_cmoda7_MP3202_Demo.srcs/sources_1/imports/new/topmodule.v] -no_script -reset -force -quiet
remove_files  D:/prj_FPGA/p2_cmoda7_MP3202_Demo/p2_cmoda7_MP3202_Demo.srcs/sources_1/imports/new/topmodule.v
update_compile_order -fileset sources_1
import_files {D:/prj_FPGA/p1_cmoda7_XADC_Demo/p1_cmoda7_XADC_Demo.srcs/sources_1/new/topmodule.v D:/prj_FPGA/p1_cmoda7_XADC_Demo/p1_cmoda7_XADC_Demo.srcs/sources_1/new/clock_div.v D:/prj_FPGA/p1_cmoda7_XADC_Demo/p1_cmoda7_XADC_Demo.srcs/sources_1/new/drv_segment.v D:/prj_FPGA/p1_cmoda7_XADC_Demo/p1_cmoda7_XADC_Demo.srcs/sources_1/new/uart_tx.v D:/prj_FPGA/p1_cmoda7_XADC_Demo/p1_cmoda7_XADC_Demo.srcs/sources_1/new/uart_rx.v}
update_compile_order -fileset sources_1
export_ip_user_files -of_objects  [get_files D:/prj_FPGA/p2_cmoda7_MP3202_Demo/p2_cmoda7_MP3202_Demo.srcs/sources_1/imports/new/topmodule.v] -no_script -reset -force -quiet
remove_files  D:/prj_FPGA/p2_cmoda7_MP3202_Demo/p2_cmoda7_MP3202_Demo.srcs/sources_1/imports/new/topmodule.v
update_compile_order -fileset sources_1
export_ip_user_files -of_objects  [get_files D:/prj_FPGA/p2_cmoda7_MP3202_Demo/p2_cmoda7_MP3202_Demo.srcs/sources_1/imports/new/uart_tx.v] -no_script -reset -force -quiet
export_ip_user_files -of_objects  [get_files D:/prj_FPGA/p2_cmoda7_MP3202_Demo/p2_cmoda7_MP3202_Demo.srcs/sources_1/imports/new/uart_rx.v] -no_script -reset -force -quiet
export_ip_user_files -of_objects  [get_files D:/prj_FPGA/p2_cmoda7_MP3202_Demo/p2_cmoda7_MP3202_Demo.srcs/sources_1/imports/new/drv_segment.v] -no_script -reset -force -quiet
export_ip_user_files -of_objects  [get_files D:/prj_FPGA/p2_cmoda7_MP3202_Demo/p2_cmoda7_MP3202_Demo.srcs/sources_1/imports/new/clock_div.v] -no_script -reset -force -quiet
remove_files  {D:/prj_FPGA/p2_cmoda7_MP3202_Demo/p2_cmoda7_MP3202_Demo.srcs/sources_1/imports/new/uart_tx.v D:/prj_FPGA/p2_cmoda7_MP3202_Demo/p2_cmoda7_MP3202_Demo.srcs/sources_1/imports/new/uart_rx.v D:/prj_FPGA/p2_cmoda7_MP3202_Demo/p2_cmoda7_MP3202_Demo.srcs/sources_1/imports/new/drv_segment.v D:/prj_FPGA/p2_cmoda7_MP3202_Demo/p2_cmoda7_MP3202_Demo.srcs/sources_1/imports/new/clock_div.v}
add_files -norecurse {D:/prj_FPGA/p2_cmoda7_MP3202_Demo/p2_cmoda7_MP3202_Demo.srcs/sources_1/new/topmodule.v D:/prj_FPGA/p2_cmoda7_MP3202_Demo/p2_cmoda7_MP3202_Demo.srcs/sources_1/new/drv_segment.v D:/prj_FPGA/p2_cmoda7_MP3202_Demo/p2_cmoda7_MP3202_Demo.srcs/sources_1/new/clock_div.v}
update_compile_order -fileset sources_1
close [ open D:/prj_FPGA/p2_cmoda7_MP3202_Demo/p2_cmoda7_MP3202_Demo.srcs/sources_1/new/drv_mcp3202.v w ]
add_files D:/prj_FPGA/p2_cmoda7_MP3202_Demo/p2_cmoda7_MP3202_Demo.srcs/sources_1/new/drv_mcp3202.v
update_compile_order -fileset sources_1
exit
INFO: [Common 17-206] Exiting Vivado at Thu Mar 21 19:32:11 2024...
