#-----------------------------------------------------------
# Vivado v2024.2.1 (64-bit)
# SW Build 5266912 on Sun Dec 15 09:03:31 MST 2024
# IP Build 5264866 on Sun Dec 15 16:27:47 MST 2024
# SharedData Build 5264680 on Wed Dec 11 12:48:36 MST 2024
# Start of session at: Sat Jan 25 17:39:54 2025
# Process ID         : 34705
# Current directory  : /home/cad/prj_eda/fpga/dsl_basys_stopwatch
# Command line       : vivado
# Log file           : /home/cad/prj_eda/fpga/dsl_basys_stopwatch/vivado.log
# Journal file       : /home/cad/prj_eda/fpga/dsl_basys_stopwatch/vivado.jou
# Running On         : openeda
# Platform           : Ubuntu
# Operating System   : Ubuntu 22.04.4 LTS
# Processor Detail   : Intel(R) Core(TM) i7-10750H CPU @ 2.60GHz
# CPU Frequency      : 2592.007 MHz
# CPU Physical cores : 12
# CPU Logical cores  : 12
# Host memory        : 36606 MB
# Swap memory        : 34359 MB
# Total Virtual      : 70966 MB
# Available Virtual  : 68755 MB
#-----------------------------------------------------------
start_gui
xhub::refresh_catalog [xhub::get_xstores xilinx_board_store]
xhub::refresh_catalog: Time (s): cpu = 00:00:04 ; elapsed = 00:00:14 . Memory (MB): peak = 7519.348 ; gain = 0.000 ; free physical = 28022 ; free virtual = 64822
set_param board.repoPaths {/home/cad/.Xilinx/Vivado/2024.2.1/xhub/board_store/xilinx_board_store}
xhub::install [xhub::get_xitems digilentinc.com:xilinx_board_store:basys3:1.2]
INFO: [xhubtcl-76-32]  
INFO: [Common 17-1570] Installing object digilentinc.com:xilinx_board_store:basys3:1.2 from remote host https://github.com/Xilinx/XilinxBoardStore.git
INFO: [Common 17-1573] Object digilentinc.com:xilinx_board_store:basys3:1.2 has been installed successfully.
create_project dsl_basys_stopwatch . -part xc7k70tfbv676-1
INFO: [IP_Flow 19-234] Refreshing IP repositories
INFO: [IP_Flow 19-1704] No user IP repositories specified
INFO: [IP_Flow 19-2313] Loaded Vivado IP repository '/home/App/EDA/Xilinx/Vivado/2024.2/data/ip'.
file mkdir /home/cad/prj_eda/fpga/dsl_basys_stopwatch/dsl_basys_stopwatch.srcs/sources_1/new
close [ open /home/cad/prj_eda/fpga/dsl_basys_stopwatch/dsl_basys_stopwatch.srcs/sources_1/new/top_module.v w ]
add_files /home/cad/prj_eda/fpga/dsl_basys_stopwatch/dsl_basys_stopwatch.srcs/sources_1/new/top_module.v
close [ open /home/cad/prj_eda/fpga/dsl_basys_stopwatch/dsl_basys_stopwatch.srcs/sources_1/new/clk_div.v w ]
add_files /home/cad/prj_eda/fpga/dsl_basys_stopwatch/dsl_basys_stopwatch.srcs/sources_1/new/clk_div.v
close [ open /home/cad/prj_eda/fpga/dsl_basys_stopwatch/dsl_basys_stopwatch.srcs/sources_1/new/drv_4bcd.v w ]
add_files /home/cad/prj_eda/fpga/dsl_basys_stopwatch/dsl_basys_stopwatch.srcs/sources_1/new/drv_4bcd.v
close [ open /home/cad/prj_eda/fpga/dsl_basys_stopwatch/dsl_basys_stopwatch.srcs/sources_1/new/drv_7segment.v w ]
add_files /home/cad/prj_eda/fpga/dsl_basys_stopwatch/dsl_basys_stopwatch.srcs/sources_1/new/drv_7segment.v
file mkdir /home/cad/prj_eda/fpga/dsl_basys_stopwatch/dsl_basys_stopwatch.srcs/constrs_1/new
close [ open /home/cad/prj_eda/fpga/dsl_basys_stopwatch/dsl_basys_stopwatch.srcs/constrs_1/new/basys.xdc w ]
add_files -fileset constrs_1 /home/cad/prj_eda/fpga/dsl_basys_stopwatch/dsl_basys_stopwatch.srcs/constrs_1/new/basys.xdc
update_compile_order -fileset sources_1
update_compile_order -fileset sources_1
WARNING: [filemgmt 56-199] Attempt to get parsing info during refresh. "On-the-fly" syntax checking information may be incorrect. [/home/cad/prj_eda/fpga/dsl_basys_stopwatch/dsl_basys_stopwatch.srcs/sources_1/new/clk_div.v:]
WARNING: [filemgmt 56-199] Attempt to get parsing info during refresh. "On-the-fly" syntax checking information may be incorrect. [/home/cad/prj_eda/fpga/dsl_basys_stopwatch/dsl_basys_stopwatch.srcs/sources_1/new/drv_4bcd.v:]
WARNING: [filemgmt 56-199] Attempt to get parsing info during refresh. "On-the-fly" syntax checking information may be incorrect. [/home/cad/prj_eda/fpga/dsl_basys_stopwatch/dsl_basys_stopwatch.srcs/sources_1/new/clk_div.v:]
WARNING: [filemgmt 56-199] Attempt to get parsing info during refresh. "On-the-fly" syntax checking information may be incorrect. [/home/cad/prj_eda/fpga/dsl_basys_stopwatch/dsl_basys_stopwatch.srcs/sources_1/new/clk_div.v:]
WARNING: [filemgmt 56-199] Attempt to get parsing info during refresh. "On-the-fly" syntax checking information may be incorrect. [/home/cad/prj_eda/fpga/dsl_basys_stopwatch/dsl_basys_stopwatch.srcs/sources_1/new/clk_div.v:]
WARNING: [filemgmt 56-199] Attempt to get parsing info during refresh. "On-the-fly" syntax checking information may be incorrect. [/home/cad/prj_eda/fpga/dsl_basys_stopwatch/dsl_basys_stopwatch.srcs/sources_1/new/drv_4bcd.v:]
WARNING: [filemgmt 56-199] Attempt to get parsing info during refresh. "On-the-fly" syntax checking information may be incorrect. [/home/cad/prj_eda/fpga/dsl_basys_stopwatch/dsl_basys_stopwatch.srcs/sources_1/new/clk_div.v:]
WARNING: [filemgmt 56-199] Attempt to get parsing info during refresh. "On-the-fly" syntax checking information may be incorrect. [/home/cad/prj_eda/fpga/dsl_basys_stopwatch/dsl_basys_stopwatch.srcs/sources_1/new/clk_div.v:]
WARNING: [filemgmt 56-199] Attempt to get parsing info during refresh. "On-the-fly" syntax checking information may be incorrect. [/home/cad/prj_eda/fpga/dsl_basys_stopwatch/dsl_basys_stopwatch.srcs/sources_1/new/clk_div.v:]
WARNING: [filemgmt 56-199] Attempt to get parsing info during refresh. "On-the-fly" syntax checking information may be incorrect. [/home/cad/prj_eda/fpga/dsl_basys_stopwatch/dsl_basys_stopwatch.srcs/sources_1/new/drv_4bcd.v:]
WARNING: [filemgmt 56-199] Attempt to get parsing info during refresh. "On-the-fly" syntax checking information may be incorrect. [/home/cad/prj_eda/fpga/dsl_basys_stopwatch/dsl_basys_stopwatch.srcs/sources_1/new/drv_4bcd.v:]
WARNING: [filemgmt 56-199] Attempt to get parsing info during refresh. "On-the-fly" syntax checking information may be incorrect. [/home/cad/prj_eda/fpga/dsl_basys_stopwatch/dsl_basys_stopwatch.srcs/sources_1/new/drv_4bcd.v:]
WARNING: [filemgmt 56-199] Attempt to get parsing info during refresh. "On-the-fly" syntax checking information may be incorrect. [/home/cad/prj_eda/fpga/dsl_basys_stopwatch/dsl_basys_stopwatch.srcs/sources_1/new/clk_div.v:]
WARNING: [filemgmt 56-199] Attempt to get parsing info during refresh. "On-the-fly" syntax checking information may be incorrect. [/home/cad/prj_eda/fpga/dsl_basys_stopwatch/dsl_basys_stopwatch.srcs/sources_1/new/drv_4bcd.v:]
WARNING: [filemgmt 56-199] Attempt to get parsing info during refresh. "On-the-fly" syntax checking information may be incorrect. [/home/cad/prj_eda/fpga/dsl_basys_stopwatch/dsl_basys_stopwatch.srcs/sources_1/new/clk_div.v:]
WARNING: [filemgmt 56-199] Attempt to get parsing info during refresh. "On-the-fly" syntax checking information may be incorrect. [/home/cad/prj_eda/fpga/dsl_basys_stopwatch/dsl_basys_stopwatch.srcs/sources_1/new/clk_div.v:]
WARNING: [filemgmt 56-199] Attempt to get parsing info during refresh. "On-the-fly" syntax checking information may be incorrect. [/home/cad/prj_eda/fpga/dsl_basys_stopwatch/dsl_basys_stopwatch.srcs/sources_1/new/clk_div.v:]
WARNING: [filemgmt 56-199] Attempt to get parsing info during refresh. "On-the-fly" syntax checking information may be incorrect. [/home/cad/prj_eda/fpga/dsl_basys_stopwatch/dsl_basys_stopwatch.srcs/sources_1/new/drv_4bcd.v:]
WARNING: [filemgmt 56-199] Attempt to get parsing info during refresh. "On-the-fly" syntax checking information may be incorrect. [/home/cad/prj_eda/fpga/dsl_basys_stopwatch/dsl_basys_stopwatch.srcs/sources_1/new/drv_4bcd.v:]
WARNING: [filemgmt 56-199] Attempt to get parsing info during refresh. "On-the-fly" syntax checking information may be incorrect. [/home/cad/prj_eda/fpga/dsl_basys_stopwatch/dsl_basys_stopwatch.srcs/sources_1/new/drv_4bcd.v:]
WARNING: [filemgmt 56-199] Attempt to get parsing info during refresh. "On-the-fly" syntax checking information may be incorrect. [/home/cad/prj_eda/fpga/dsl_basys_stopwatch/dsl_basys_stopwatch.srcs/sources_1/new/clk_div.v:]
WARNING: [filemgmt 56-199] Attempt to get parsing info during refresh. "On-the-fly" syntax checking information may be incorrect. [/home/cad/prj_eda/fpga/dsl_basys_stopwatch/dsl_basys_stopwatch.srcs/sources_1/new/drv_4bcd.v:]
WARNING: [filemgmt 56-199] Attempt to get parsing info during refresh. "On-the-fly" syntax checking information may be incorrect. [/home/cad/prj_eda/fpga/dsl_basys_stopwatch/dsl_basys_stopwatch.srcs/sources_1/new/clk_div.v:]
WARNING: [filemgmt 56-199] Attempt to get parsing info during refresh. "On-the-fly" syntax checking information may be incorrect. [/home/cad/prj_eda/fpga/dsl_basys_stopwatch/dsl_basys_stopwatch.srcs/sources_1/new/clk_div.v:]
WARNING: [filemgmt 56-199] Attempt to get parsing info during refresh. "On-the-fly" syntax checking information may be incorrect. [/home/cad/prj_eda/fpga/dsl_basys_stopwatch/dsl_basys_stopwatch.srcs/sources_1/new/clk_div.v:]
WARNING: [filemgmt 56-199] Attempt to get parsing info during refresh. "On-the-fly" syntax checking information may be incorrect. [/home/cad/prj_eda/fpga/dsl_basys_stopwatch/dsl_basys_stopwatch.srcs/sources_1/new/drv_4bcd.v:]
WARNING: [filemgmt 56-199] Attempt to get parsing info during refresh. "On-the-fly" syntax checking information may be incorrect. [/home/cad/prj_eda/fpga/dsl_basys_stopwatch/dsl_basys_stopwatch.srcs/sources_1/new/drv_4bcd.v:]
WARNING: [filemgmt 56-199] Attempt to get parsing info during refresh. "On-the-fly" syntax checking information may be incorrect. [/home/cad/prj_eda/fpga/dsl_basys_stopwatch/dsl_basys_stopwatch.srcs/sources_1/new/drv_4bcd.v:]
WARNING: [filemgmt 56-199] Attempt to get parsing info during refresh. "On-the-fly" syntax checking information may be incorrect. [/home/cad/prj_eda/fpga/dsl_basys_stopwatch/dsl_basys_stopwatch.srcs/sources_1/new/clk_div.v:]
WARNING: [filemgmt 56-199] Attempt to get parsing info during refresh. "On-the-fly" syntax checking information may be incorrect. [/home/cad/prj_eda/fpga/dsl_basys_stopwatch/dsl_basys_stopwatch.srcs/sources_1/new/drv_4bcd.v:]
WARNING: [filemgmt 56-199] Attempt to get parsing info during refresh. "On-the-fly" syntax checking information may be incorrect. [/home/cad/prj_eda/fpga/dsl_basys_stopwatch/dsl_basys_stopwatch.srcs/sources_1/new/clk_div.v:]
WARNING: [filemgmt 56-199] Attempt to get parsing info during refresh. "On-the-fly" syntax checking information may be incorrect. [/home/cad/prj_eda/fpga/dsl_basys_stopwatch/dsl_basys_stopwatch.srcs/sources_1/new/clk_div.v:]
WARNING: [filemgmt 56-199] Attempt to get parsing info during refresh. "On-the-fly" syntax checking information may be incorrect. [/home/cad/prj_eda/fpga/dsl_basys_stopwatch/dsl_basys_stopwatch.srcs/sources_1/new/clk_div.v:]
WARNING: [filemgmt 56-199] Attempt to get parsing info during refresh. "On-the-fly" syntax checking information may be incorrect. [/home/cad/prj_eda/fpga/dsl_basys_stopwatch/dsl_basys_stopwatch.srcs/sources_1/new/drv_4bcd.v:]
WARNING: [filemgmt 56-199] Attempt to get parsing info during refresh. "On-the-fly" syntax checking information may be incorrect. [/home/cad/prj_eda/fpga/dsl_basys_stopwatch/dsl_basys_stopwatch.srcs/sources_1/new/drv_4bcd.v:]
WARNING: [filemgmt 56-199] Attempt to get parsing info during refresh. "On-the-fly" syntax checking information may be incorrect. [/home/cad/prj_eda/fpga/dsl_basys_stopwatch/dsl_basys_stopwatch.srcs/sources_1/new/drv_4bcd.v:]
WARNING: [filemgmt 56-199] Attempt to get parsing info during refresh. "On-the-fly" syntax checking information may be incorrect. [/home/cad/prj_eda/fpga/dsl_basys_stopwatch/dsl_basys_stopwatch.srcs/sources_1/new/clk_div.v:]
WARNING: [filemgmt 56-199] Attempt to get parsing info during refresh. "On-the-fly" syntax checking information may be incorrect. [/home/cad/prj_eda/fpga/dsl_basys_stopwatch/dsl_basys_stopwatch.srcs/sources_1/new/drv_4bcd.v:]
WARNING: [filemgmt 56-199] Attempt to get parsing info during refresh. "On-the-fly" syntax checking information may be incorrect. [/home/cad/prj_eda/fpga/dsl_basys_stopwatch/dsl_basys_stopwatch.srcs/sources_1/new/drv_7segment.v:]
WARNING: [filemgmt 56-199] Attempt to get parsing info during refresh. "On-the-fly" syntax checking information may be incorrect. [/home/cad/prj_eda/fpga/dsl_basys_stopwatch/dsl_basys_stopwatch.srcs/sources_1/new/clk_div.v:]
WARNING: [filemgmt 56-199] Attempt to get parsing info during refresh. "On-the-fly" syntax checking information may be incorrect. [/home/cad/prj_eda/fpga/dsl_basys_stopwatch/dsl_basys_stopwatch.srcs/sources_1/new/clk_div.v:]
WARNING: [filemgmt 56-199] Attempt to get parsing info during refresh. "On-the-fly" syntax checking information may be incorrect. [/home/cad/prj_eda/fpga/dsl_basys_stopwatch/dsl_basys_stopwatch.srcs/sources_1/new/clk_div.v:]
WARNING: [filemgmt 56-199] Attempt to get parsing info during refresh. "On-the-fly" syntax checking information may be incorrect. [/home/cad/prj_eda/fpga/dsl_basys_stopwatch/dsl_basys_stopwatch.srcs/sources_1/new/drv_4bcd.v:]
WARNING: [filemgmt 56-199] Attempt to get parsing info during refresh. "On-the-fly" syntax checking information may be incorrect. [/home/cad/prj_eda/fpga/dsl_basys_stopwatch/dsl_basys_stopwatch.srcs/sources_1/new/drv_7segment.v:]
WARNING: [filemgmt 56-199] Attempt to get parsing info during refresh. "On-the-fly" syntax checking information may be incorrect. [/home/cad/prj_eda/fpga/dsl_basys_stopwatch/dsl_basys_stopwatch.srcs/sources_1/new/drv_7segment.v:]
WARNING: [filemgmt 56-199] Attempt to get parsing info during refresh. "On-the-fly" syntax checking information may be incorrect. [/home/cad/prj_eda/fpga/dsl_basys_stopwatch/dsl_basys_stopwatch.srcs/sources_1/new/drv_7segment.v:]
WARNING: [filemgmt 56-199] Attempt to get parsing info during refresh. "On-the-fly" syntax checking information may be incorrect. [/home/cad/prj_eda/fpga/dsl_basys_stopwatch/dsl_basys_stopwatch.srcs/sources_1/new/clk_div.v:]
WARNING: [filemgmt 56-199] Attempt to get parsing info during refresh. "On-the-fly" syntax checking information may be incorrect. [/home/cad/prj_eda/fpga/dsl_basys_stopwatch/dsl_basys_stopwatch.srcs/sources_1/new/drv_4bcd.v:]
WARNING: [filemgmt 56-199] Attempt to get parsing info during refresh. "On-the-fly" syntax checking information may be incorrect. [/home/cad/prj_eda/fpga/dsl_basys_stopwatch/dsl_basys_stopwatch.srcs/sources_1/new/drv_7segment.v:]
WARNING: [filemgmt 56-199] Attempt to get parsing info during refresh. "On-the-fly" syntax checking information may be incorrect. [/home/cad/prj_eda/fpga/dsl_basys_stopwatch/dsl_basys_stopwatch.srcs/sources_1/new/drv_4bcd.v:]
WARNING: [filemgmt 56-199] Attempt to get parsing info during refresh. "On-the-fly" syntax checking information may be incorrect. [/home/cad/prj_eda/fpga/dsl_basys_stopwatch/dsl_basys_stopwatch.srcs/sources_1/new/drv_4bcd.v:]
WARNING: [filemgmt 56-199] Attempt to get parsing info during refresh. "On-the-fly" syntax checking information may be incorrect. [/home/cad/prj_eda/fpga/dsl_basys_stopwatch/dsl_basys_stopwatch.srcs/sources_1/new/clk_div.v:]
WARNING: [filemgmt 56-199] Attempt to get parsing info during refresh. "On-the-fly" syntax checking information may be incorrect. [/home/cad/prj_eda/fpga/dsl_basys_stopwatch/dsl_basys_stopwatch.srcs/sources_1/new/drv_4bcd.v:]
WARNING: [filemgmt 56-199] Attempt to get parsing info during refresh. "On-the-fly" syntax checking information may be incorrect. [/home/cad/prj_eda/fpga/dsl_basys_stopwatch/dsl_basys_stopwatch.srcs/sources_1/new/drv_7segment.v:]
WARNING: [filemgmt 56-199] Attempt to get parsing info during refresh. "On-the-fly" syntax checking information may be incorrect. [/home/cad/prj_eda/fpga/dsl_basys_stopwatch/dsl_basys_stopwatch.srcs/sources_1/new/drv_7segment.v:]
WARNING: [filemgmt 56-199] Attempt to get parsing info during refresh. "On-the-fly" syntax checking information may be incorrect. [/home/cad/prj_eda/fpga/dsl_basys_stopwatch/dsl_basys_stopwatch.srcs/sources_1/new/drv_7segment.v:]
WARNING: [filemgmt 56-199] Attempt to get parsing info during refresh. "On-the-fly" syntax checking information may be incorrect. [/home/cad/prj_eda/fpga/dsl_basys_stopwatch/dsl_basys_stopwatch.srcs/sources_1/new/clk_div.v:]
WARNING: [filemgmt 56-199] Attempt to get parsing info during refresh. "On-the-fly" syntax checking information may be incorrect. [/home/cad/prj_eda/fpga/dsl_basys_stopwatch/dsl_basys_stopwatch.srcs/sources_1/new/drv_4bcd.v:]
WARNING: [filemgmt 56-199] Attempt to get parsing info during refresh. "On-the-fly" syntax checking information may be incorrect. [/home/cad/prj_eda/fpga/dsl_basys_stopwatch/dsl_basys_stopwatch.srcs/sources_1/new/drv_7segment.v:]
WARNING: [filemgmt 56-199] Attempt to get parsing info during refresh. "On-the-fly" syntax checking information may be incorrect. [/home/cad/prj_eda/fpga/dsl_basys_stopwatch/dsl_basys_stopwatch.srcs/sources_1/new/clk_div.v:]
WARNING: [filemgmt 56-199] Attempt to get parsing info during refresh. "On-the-fly" syntax checking information may be incorrect. [/home/cad/prj_eda/fpga/dsl_basys_stopwatch/dsl_basys_stopwatch.srcs/sources_1/new/clk_div.v:]
WARNING: [filemgmt 56-199] Attempt to get parsing info during refresh. "On-the-fly" syntax checking information may be incorrect. [/home/cad/prj_eda/fpga/dsl_basys_stopwatch/dsl_basys_stopwatch.srcs/sources_1/new/clk_div.v:]
WARNING: [filemgmt 56-199] Attempt to get parsing info during refresh. "On-the-fly" syntax checking information may be incorrect. [/home/cad/prj_eda/fpga/dsl_basys_stopwatch/dsl_basys_stopwatch.srcs/sources_1/new/drv_4bcd.v:]
WARNING: [filemgmt 56-199] Attempt to get parsing info during refresh. "On-the-fly" syntax checking information may be incorrect. [/home/cad/prj_eda/fpga/dsl_basys_stopwatch/dsl_basys_stopwatch.srcs/sources_1/new/drv_7segment.v:]
WARNING: [filemgmt 56-199] Attempt to get parsing info during refresh. "On-the-fly" syntax checking information may be incorrect. [/home/cad/prj_eda/fpga/dsl_basys_stopwatch/dsl_basys_stopwatch.srcs/sources_1/new/drv_7segment.v:]
WARNING: [filemgmt 56-199] Attempt to get parsing info during refresh. "On-the-fly" syntax checking information may be incorrect. [/home/cad/prj_eda/fpga/dsl_basys_stopwatch/dsl_basys_stopwatch.srcs/sources_1/new/drv_7segment.v:]
update_compile_order -fileset sources_1
WARNING: [filemgmt 56-199] Attempt to get parsing info during refresh. "On-the-fly" syntax checking information may be incorrect. [/home/cad/prj_eda/fpga/dsl_basys_stopwatch/dsl_basys_stopwatch.srcs/sources_1/new/clk_div.v:]
WARNING: [filemgmt 56-199] Attempt to get parsing info during refresh. "On-the-fly" syntax checking information may be incorrect. [/home/cad/prj_eda/fpga/dsl_basys_stopwatch/dsl_basys_stopwatch.srcs/sources_1/new/drv_4bcd.v:]
WARNING: [filemgmt 56-199] Attempt to get parsing info during refresh. "On-the-fly" syntax checking information may be incorrect. [/home/cad/prj_eda/fpga/dsl_basys_stopwatch/dsl_basys_stopwatch.srcs/sources_1/new/drv_7segment.v:]
WARNING: [filemgmt 56-199] Attempt to get parsing info during refresh. "On-the-fly" syntax checking information may be incorrect. [/home/cad/prj_eda/fpga/dsl_basys_stopwatch/dsl_basys_stopwatch.srcs/sources_1/new/drv_4bcd.v:]
WARNING: [filemgmt 56-199] Attempt to get parsing info during refresh. "On-the-fly" syntax checking information may be incorrect. [/home/cad/prj_eda/fpga/dsl_basys_stopwatch/dsl_basys_stopwatch.srcs/sources_1/new/drv_4bcd.v:]
WARNING: [filemgmt 56-199] Attempt to get parsing info during refresh. "On-the-fly" syntax checking information may be incorrect. [/home/cad/prj_eda/fpga/dsl_basys_stopwatch/dsl_basys_stopwatch.srcs/sources_1/new/clk_div.v:]
WARNING: [filemgmt 56-199] Attempt to get parsing info during refresh. "On-the-fly" syntax checking information may be incorrect. [/home/cad/prj_eda/fpga/dsl_basys_stopwatch/dsl_basys_stopwatch.srcs/sources_1/new/drv_4bcd.v:]
WARNING: [filemgmt 56-199] Attempt to get parsing info during refresh. "On-the-fly" syntax checking information may be incorrect. [/home/cad/prj_eda/fpga/dsl_basys_stopwatch/dsl_basys_stopwatch.srcs/sources_1/new/drv_7segment.v:]
WARNING: [filemgmt 56-199] Attempt to get parsing info during refresh. "On-the-fly" syntax checking information may be incorrect. [/home/cad/prj_eda/fpga/dsl_basys_stopwatch/dsl_basys_stopwatch.srcs/sources_1/new/drv_7segment.v:]
WARNING: [filemgmt 56-199] Attempt to get parsing info during refresh. "On-the-fly" syntax checking information may be incorrect. [/home/cad/prj_eda/fpga/dsl_basys_stopwatch/dsl_basys_stopwatch.srcs/sources_1/new/drv_7segment.v:]
update_compile_order -fileset sources_1
WARNING: [filemgmt 56-199] Attempt to get parsing info during refresh. "On-the-fly" syntax checking information may be incorrect. [/home/cad/prj_eda/fpga/dsl_basys_stopwatch/dsl_basys_stopwatch.srcs/sources_1/new/clk_div.v:]
WARNING: [filemgmt 56-199] Attempt to get parsing info during refresh. "On-the-fly" syntax checking information may be incorrect. [/home/cad/prj_eda/fpga/dsl_basys_stopwatch/dsl_basys_stopwatch.srcs/sources_1/new/drv_4bcd.v:]
WARNING: [filemgmt 56-199] Attempt to get parsing info during refresh. "On-the-fly" syntax checking information may be incorrect. [/home/cad/prj_eda/fpga/dsl_basys_stopwatch/dsl_basys_stopwatch.srcs/sources_1/new/drv_7segment.v:]
WARNING: [filemgmt 56-199] Attempt to get parsing info during refresh. "On-the-fly" syntax checking information may be incorrect. [/home/cad/prj_eda/fpga/dsl_basys_stopwatch/dsl_basys_stopwatch.srcs/sources_1/new/drv_7segment.v:]
WARNING: [filemgmt 56-199] Attempt to get parsing info during refresh. "On-the-fly" syntax checking information may be incorrect. [/home/cad/prj_eda/fpga/dsl_basys_stopwatch/dsl_basys_stopwatch.srcs/sources_1/new/drv_7segment.v:]
WARNING: [filemgmt 56-199] Attempt to get parsing info during refresh. "On-the-fly" syntax checking information may be incorrect. [/home/cad/prj_eda/fpga/dsl_basys_stopwatch/dsl_basys_stopwatch.srcs/sources_1/new/clk_div.v:]
WARNING: [filemgmt 56-199] Attempt to get parsing info during refresh. "On-the-fly" syntax checking information may be incorrect. [/home/cad/prj_eda/fpga/dsl_basys_stopwatch/dsl_basys_stopwatch.srcs/sources_1/new/drv_4bcd.v:]
WARNING: [filemgmt 56-199] Attempt to get parsing info during refresh. "On-the-fly" syntax checking information may be incorrect. [/home/cad/prj_eda/fpga/dsl_basys_stopwatch/dsl_basys_stopwatch.srcs/sources_1/new/drv_7segment.v:]
WARNING: [filemgmt 56-199] Attempt to get parsing info during refresh. "On-the-fly" syntax checking information may be incorrect. [/home/cad/prj_eda/fpga/dsl_basys_stopwatch/dsl_basys_stopwatch.srcs/sources_1/new/clk_div.v:]
WARNING: [filemgmt 56-199] Attempt to get parsing info during refresh. "On-the-fly" syntax checking information may be incorrect. [/home/cad/prj_eda/fpga/dsl_basys_stopwatch/dsl_basys_stopwatch.srcs/sources_1/new/clk_div.v:]
WARNING: [filemgmt 56-199] Attempt to get parsing info during refresh. "On-the-fly" syntax checking information may be incorrect. [/home/cad/prj_eda/fpga/dsl_basys_stopwatch/dsl_basys_stopwatch.srcs/sources_1/new/clk_div.v:]
WARNING: [filemgmt 56-199] Attempt to get parsing info during refresh. "On-the-fly" syntax checking information may be incorrect. [/home/cad/prj_eda/fpga/dsl_basys_stopwatch/dsl_basys_stopwatch.srcs/sources_1/new/drv_4bcd.v:]
WARNING: [filemgmt 56-199] Attempt to get parsing info during refresh. "On-the-fly" syntax checking information may be incorrect. [/home/cad/prj_eda/fpga/dsl_basys_stopwatch/dsl_basys_stopwatch.srcs/sources_1/new/drv_7segment.v:]
WARNING: [filemgmt 56-199] Attempt to get parsing info during refresh. "On-the-fly" syntax checking information may be incorrect. [/home/cad/prj_eda/fpga/dsl_basys_stopwatch/dsl_basys_stopwatch.srcs/sources_1/new/clk_div.v:]
WARNING: [filemgmt 56-199] Attempt to get parsing info during refresh. "On-the-fly" syntax checking information may be incorrect. [/home/cad/prj_eda/fpga/dsl_basys_stopwatch/dsl_basys_stopwatch.srcs/sources_1/new/clk_div.v:]
WARNING: [filemgmt 56-199] Attempt to get parsing info during refresh. "On-the-fly" syntax checking information may be incorrect. [/home/cad/prj_eda/fpga/dsl_basys_stopwatch/dsl_basys_stopwatch.srcs/sources_1/new/clk_div.v:]
WARNING: [filemgmt 56-199] Attempt to get parsing info during refresh. "On-the-fly" syntax checking information may be incorrect. [/home/cad/prj_eda/fpga/dsl_basys_stopwatch/dsl_basys_stopwatch.srcs/sources_1/new/drv_4bcd.v:]
WARNING: [filemgmt 56-199] Attempt to get parsing info during refresh. "On-the-fly" syntax checking information may be incorrect. [/home/cad/prj_eda/fpga/dsl_basys_stopwatch/dsl_basys_stopwatch.srcs/sources_1/new/drv_7segment.v:]
WARNING: [filemgmt 56-199] Attempt to get parsing info during refresh. "On-the-fly" syntax checking information may be incorrect. [/home/cad/prj_eda/fpga/dsl_basys_stopwatch/dsl_basys_stopwatch.srcs/sources_1/new/drv_7segment.v:]
WARNING: [filemgmt 56-199] Attempt to get parsing info during refresh. "On-the-fly" syntax checking information may be incorrect. [/home/cad/prj_eda/fpga/dsl_basys_stopwatch/dsl_basys_stopwatch.srcs/sources_1/new/drv_7segment.v:]
update_compile_order -fileset sources_1
WARNING: [filemgmt 56-199] Attempt to get parsing info during refresh. "On-the-fly" syntax checking information may be incorrect. [/home/cad/prj_eda/fpga/dsl_basys_stopwatch/dsl_basys_stopwatch.srcs/sources_1/new/clk_div.v:]
WARNING: [filemgmt 56-199] Attempt to get parsing info during refresh. "On-the-fly" syntax checking information may be incorrect. [/home/cad/prj_eda/fpga/dsl_basys_stopwatch/dsl_basys_stopwatch.srcs/sources_1/new/drv_4bcd.v:]
WARNING: [filemgmt 56-199] Attempt to get parsing info during refresh. "On-the-fly" syntax checking information may be incorrect. [/home/cad/prj_eda/fpga/dsl_basys_stopwatch/dsl_basys_stopwatch.srcs/sources_1/new/drv_7segment.v:]
WARNING: [filemgmt 56-199] Attempt to get parsing info during refresh. "On-the-fly" syntax checking information may be incorrect. [/home/cad/prj_eda/fpga/dsl_basys_stopwatch/dsl_basys_stopwatch.srcs/sources_1/new/drv_4bcd.v:]
WARNING: [filemgmt 56-199] Attempt to get parsing info during refresh. "On-the-fly" syntax checking information may be incorrect. [/home/cad/prj_eda/fpga/dsl_basys_stopwatch/dsl_basys_stopwatch.srcs/sources_1/new/drv_4bcd.v:]
WARNING: [filemgmt 56-199] Attempt to get parsing info during refresh. "On-the-fly" syntax checking information may be incorrect. [/home/cad/prj_eda/fpga/dsl_basys_stopwatch/dsl_basys_stopwatch.srcs/sources_1/new/clk_div.v:]
WARNING: [filemgmt 56-199] Attempt to get parsing info during refresh. "On-the-fly" syntax checking information may be incorrect. [/home/cad/prj_eda/fpga/dsl_basys_stopwatch/dsl_basys_stopwatch.srcs/sources_1/new/drv_4bcd.v:]
WARNING: [filemgmt 56-199] Attempt to get parsing info during refresh. "On-the-fly" syntax checking information may be incorrect. [/home/cad/prj_eda/fpga/dsl_basys_stopwatch/dsl_basys_stopwatch.srcs/sources_1/new/drv_7segment.v:]
WARNING: [filemgmt 56-199] Attempt to get parsing info during refresh. "On-the-fly" syntax checking information may be incorrect. [/home/cad/prj_eda/fpga/dsl_basys_stopwatch/dsl_basys_stopwatch.srcs/sources_1/new/drv_7segment.v:]
WARNING: [filemgmt 56-199] Attempt to get parsing info during refresh. "On-the-fly" syntax checking information may be incorrect. [/home/cad/prj_eda/fpga/dsl_basys_stopwatch/dsl_basys_stopwatch.srcs/sources_1/new/drv_7segment.v:]
WARNING: [filemgmt 56-199] Attempt to get parsing info during refresh. "On-the-fly" syntax checking information may be incorrect. [/home/cad/prj_eda/fpga/dsl_basys_stopwatch/dsl_basys_stopwatch.srcs/sources_1/new/clk_div.v:]
WARNING: [filemgmt 56-199] Attempt to get parsing info during refresh. "On-the-fly" syntax checking information may be incorrect. [/home/cad/prj_eda/fpga/dsl_basys_stopwatch/dsl_basys_stopwatch.srcs/sources_1/new/drv_4bcd.v:]
WARNING: [filemgmt 56-199] Attempt to get parsing info during refresh. "On-the-fly" syntax checking information may be incorrect. [/home/cad/prj_eda/fpga/dsl_basys_stopwatch/dsl_basys_stopwatch.srcs/sources_1/new/drv_7segment.v:]
WARNING: [filemgmt 56-199] Attempt to get parsing info during refresh. "On-the-fly" syntax checking information may be incorrect. [/home/cad/prj_eda/fpga/dsl_basys_stopwatch/dsl_basys_stopwatch.srcs/sources_1/new/drv_4bcd.v:]
WARNING: [filemgmt 56-199] Attempt to get parsing info during refresh. "On-the-fly" syntax checking information may be incorrect. [/home/cad/prj_eda/fpga/dsl_basys_stopwatch/dsl_basys_stopwatch.srcs/sources_1/new/drv_4bcd.v:]
WARNING: [filemgmt 56-199] Attempt to get parsing info during refresh. "On-the-fly" syntax checking information may be incorrect. [/home/cad/prj_eda/fpga/dsl_basys_stopwatch/dsl_basys_stopwatch.srcs/sources_1/new/clk_div.v:]
WARNING: [filemgmt 56-199] Attempt to get parsing info during refresh. "On-the-fly" syntax checking information may be incorrect. [/home/cad/prj_eda/fpga/dsl_basys_stopwatch/dsl_basys_stopwatch.srcs/sources_1/new/drv_4bcd.v:]
WARNING: [filemgmt 56-199] Attempt to get parsing info during refresh. "On-the-fly" syntax checking information may be incorrect. [/home/cad/prj_eda/fpga/dsl_basys_stopwatch/dsl_basys_stopwatch.srcs/sources_1/new/drv_7segment.v:]
WARNING: [filemgmt 56-199] Attempt to get parsing info during refresh. "On-the-fly" syntax checking information may be incorrect. [/home/cad/prj_eda/fpga/dsl_basys_stopwatch/dsl_basys_stopwatch.srcs/sources_1/new/drv_7segment.v:]
WARNING: [filemgmt 56-199] Attempt to get parsing info during refresh. "On-the-fly" syntax checking information may be incorrect. [/home/cad/prj_eda/fpga/dsl_basys_stopwatch/dsl_basys_stopwatch.srcs/sources_1/new/drv_7segment.v:]
WARNING: [filemgmt 56-199] Attempt to get parsing info during refresh. "On-the-fly" syntax checking information may be incorrect. [/home/cad/prj_eda/fpga/dsl_basys_stopwatch/dsl_basys_stopwatch.srcs/sources_1/new/clk_div.v:]
WARNING: [filemgmt 56-199] Attempt to get parsing info during refresh. "On-the-fly" syntax checking information may be incorrect. [/home/cad/prj_eda/fpga/dsl_basys_stopwatch/dsl_basys_stopwatch.srcs/sources_1/new/drv_4bcd.v:]
WARNING: [filemgmt 56-199] Attempt to get parsing info during refresh. "On-the-fly" syntax checking information may be incorrect. [/home/cad/prj_eda/fpga/dsl_basys_stopwatch/dsl_basys_stopwatch.srcs/sources_1/new/drv_7segment.v:]
WARNING: [filemgmt 56-199] Attempt to get parsing info during refresh. "On-the-fly" syntax checking information may be incorrect. [/home/cad/prj_eda/fpga/dsl_basys_stopwatch/dsl_basys_stopwatch.srcs/sources_1/new/clk_div.v:]
WARNING: [filemgmt 56-199] Attempt to get parsing info during refresh. "On-the-fly" syntax checking information may be incorrect. [/home/cad/prj_eda/fpga/dsl_basys_stopwatch/dsl_basys_stopwatch.srcs/sources_1/new/clk_div.v:]
WARNING: [filemgmt 56-199] Attempt to get parsing info during refresh. "On-the-fly" syntax checking information may be incorrect. [/home/cad/prj_eda/fpga/dsl_basys_stopwatch/dsl_basys_stopwatch.srcs/sources_1/new/clk_div.v:]
WARNING: [filemgmt 56-199] Attempt to get parsing info during refresh. "On-the-fly" syntax checking information may be incorrect. [/home/cad/prj_eda/fpga/dsl_basys_stopwatch/dsl_basys_stopwatch.srcs/sources_1/new/drv_4bcd.v:]
WARNING: [filemgmt 56-199] Attempt to get parsing info during refresh. "On-the-fly" syntax checking information may be incorrect. [/home/cad/prj_eda/fpga/dsl_basys_stopwatch/dsl_basys_stopwatch.srcs/sources_1/new/drv_7segment.v:]
WARNING: [filemgmt 56-199] Attempt to get parsing info during refresh. "On-the-fly" syntax checking information may be incorrect. [/home/cad/prj_eda/fpga/dsl_basys_stopwatch/dsl_basys_stopwatch.srcs/sources_1/new/drv_7segment.v:]
WARNING: [filemgmt 56-199] Attempt to get parsing info during refresh. "On-the-fly" syntax checking information may be incorrect. [/home/cad/prj_eda/fpga/dsl_basys_stopwatch/dsl_basys_stopwatch.srcs/sources_1/new/drv_7segment.v:]
WARNING: [filemgmt 56-199] Attempt to get parsing info during refresh. "On-the-fly" syntax checking information may be incorrect. [/home/cad/prj_eda/fpga/dsl_basys_stopwatch/dsl_basys_stopwatch.srcs/sources_1/new/clk_div.v:]
WARNING: [filemgmt 56-199] Attempt to get parsing info during refresh. "On-the-fly" syntax checking information may be incorrect. [/home/cad/prj_eda/fpga/dsl_basys_stopwatch/dsl_basys_stopwatch.srcs/sources_1/new/drv_4bcd.v:]
WARNING: [filemgmt 56-199] Attempt to get parsing info during refresh. "On-the-fly" syntax checking information may be incorrect. [/home/cad/prj_eda/fpga/dsl_basys_stopwatch/dsl_basys_stopwatch.srcs/sources_1/new/drv_7segment.v:]
WARNING: [filemgmt 56-199] Attempt to get parsing info during refresh. "On-the-fly" syntax checking information may be incorrect. [/home/cad/prj_eda/fpga/dsl_basys_stopwatch/dsl_basys_stopwatch.srcs/sources_1/new/clk_div.v:]
WARNING: [filemgmt 56-199] Attempt to get parsing info during refresh. "On-the-fly" syntax checking information may be incorrect. [/home/cad/prj_eda/fpga/dsl_basys_stopwatch/dsl_basys_stopwatch.srcs/sources_1/new/clk_div.v:]
WARNING: [filemgmt 56-199] Attempt to get parsing info during refresh. "On-the-fly" syntax checking information may be incorrect. [/home/cad/prj_eda/fpga/dsl_basys_stopwatch/dsl_basys_stopwatch.srcs/sources_1/new/clk_div.v:]
WARNING: [filemgmt 56-199] Attempt to get parsing info during refresh. "On-the-fly" syntax checking information may be incorrect. [/home/cad/prj_eda/fpga/dsl_basys_stopwatch/dsl_basys_stopwatch.srcs/sources_1/new/drv_4bcd.v:]
WARNING: [filemgmt 56-199] Attempt to get parsing info during refresh. "On-the-fly" syntax checking information may be incorrect. [/home/cad/prj_eda/fpga/dsl_basys_stopwatch/dsl_basys_stopwatch.srcs/sources_1/new/drv_7segment.v:]
WARNING: [filemgmt 56-199] Attempt to get parsing info during refresh. "On-the-fly" syntax checking information may be incorrect. [/home/cad/prj_eda/fpga/dsl_basys_stopwatch/dsl_basys_stopwatch.srcs/sources_1/new/drv_7segment.v:]
WARNING: [filemgmt 56-199] Attempt to get parsing info during refresh. "On-the-fly" syntax checking information may be incorrect. [/home/cad/prj_eda/fpga/dsl_basys_stopwatch/dsl_basys_stopwatch.srcs/sources_1/new/drv_7segment.v:]
WARNING: [filemgmt 56-199] Attempt to get parsing info during refresh. "On-the-fly" syntax checking information may be incorrect. [/home/cad/prj_eda/fpga/dsl_basys_stopwatch/dsl_basys_stopwatch.srcs/sources_1/new/clk_div.v:]
WARNING: [filemgmt 56-199] Attempt to get parsing info during refresh. "On-the-fly" syntax checking information may be incorrect. [/home/cad/prj_eda/fpga/dsl_basys_stopwatch/dsl_basys_stopwatch.srcs/sources_1/new/top_module.v:]
WARNING: [filemgmt 56-199] Attempt to get parsing info during refresh. "On-the-fly" syntax checking information may be incorrect. [/home/cad/prj_eda/fpga/dsl_basys_stopwatch/dsl_basys_stopwatch.srcs/sources_1/new/drv_4bcd.v:]
WARNING: [filemgmt 56-199] Attempt to get parsing info during refresh. "On-the-fly" syntax checking information may be incorrect. [/home/cad/prj_eda/fpga/dsl_basys_stopwatch/dsl_basys_stopwatch.srcs/sources_1/new/drv_7segment.v:]
WARNING: [filemgmt 56-199] Attempt to get parsing info during refresh. "On-the-fly" syntax checking information may be incorrect. [/home/cad/prj_eda/fpga/dsl_basys_stopwatch/dsl_basys_stopwatch.srcs/sources_1/new/clk_div.v:]
WARNING: [filemgmt 56-199] Attempt to get parsing info during refresh. "On-the-fly" syntax checking information may be incorrect. [/home/cad/prj_eda/fpga/dsl_basys_stopwatch/dsl_basys_stopwatch.srcs/sources_1/new/clk_div.v:]
WARNING: [filemgmt 56-199] Attempt to get parsing info during refresh. "On-the-fly" syntax checking information may be incorrect. [/home/cad/prj_eda/fpga/dsl_basys_stopwatch/dsl_basys_stopwatch.srcs/sources_1/new/clk_div.v:]
WARNING: [filemgmt 56-199] Attempt to get parsing info during refresh. "On-the-fly" syntax checking information may be incorrect. [/home/cad/prj_eda/fpga/dsl_basys_stopwatch/dsl_basys_stopwatch.srcs/sources_1/new/top_module.v:]
WARNING: [filemgmt 56-199] Attempt to get parsing info during refresh. "On-the-fly" syntax checking information may be incorrect. [/home/cad/prj_eda/fpga/dsl_basys_stopwatch/dsl_basys_stopwatch.srcs/sources_1/new/drv_4bcd.v:]
WARNING: [filemgmt 56-199] Attempt to get parsing info during refresh. "On-the-fly" syntax checking information may be incorrect. [/home/cad/prj_eda/fpga/dsl_basys_stopwatch/dsl_basys_stopwatch.srcs/sources_1/new/drv_7segment.v:]
WARNING: [filemgmt 56-199] Attempt to get parsing info during refresh. "On-the-fly" syntax checking information may be incorrect. [/home/cad/prj_eda/fpga/dsl_basys_stopwatch/dsl_basys_stopwatch.srcs/sources_1/new/drv_7segment.v:]
WARNING: [filemgmt 56-199] Attempt to get parsing info during refresh. "On-the-fly" syntax checking information may be incorrect. [/home/cad/prj_eda/fpga/dsl_basys_stopwatch/dsl_basys_stopwatch.srcs/sources_1/new/drv_7segment.v:]
WARNING: [filemgmt 56-199] Attempt to get parsing info during refresh. "On-the-fly" syntax checking information may be incorrect. [/home/cad/prj_eda/fpga/dsl_basys_stopwatch/dsl_basys_stopwatch.srcs/sources_1/new/clk_div.v:]
WARNING: [filemgmt 56-199] Attempt to get parsing info during refresh. "On-the-fly" syntax checking information may be incorrect. [/home/cad/prj_eda/fpga/dsl_basys_stopwatch/dsl_basys_stopwatch.srcs/sources_1/new/top_module.v:]
WARNING: [filemgmt 56-199] Attempt to get parsing info during refresh. "On-the-fly" syntax checking information may be incorrect. [/home/cad/prj_eda/fpga/dsl_basys_stopwatch/dsl_basys_stopwatch.srcs/sources_1/new/drv_4bcd.v:]
WARNING: [filemgmt 56-199] Attempt to get parsing info during refresh. "On-the-fly" syntax checking information may be incorrect. [/home/cad/prj_eda/fpga/dsl_basys_stopwatch/dsl_basys_stopwatch.srcs/sources_1/new/drv_7segment.v:]
WARNING: [filemgmt 56-199] Attempt to get parsing info during refresh. "On-the-fly" syntax checking information may be incorrect. [/home/cad/prj_eda/fpga/dsl_basys_stopwatch/dsl_basys_stopwatch.srcs/sources_1/new/top_module.v:]
WARNING: [filemgmt 56-199] Attempt to get parsing info during refresh. "On-the-fly" syntax checking information may be incorrect. [/home/cad/prj_eda/fpga/dsl_basys_stopwatch/dsl_basys_stopwatch.srcs/sources_1/new/top_module.v:]
WARNING: [filemgmt 56-199] Attempt to get parsing info during refresh. "On-the-fly" syntax checking information may be incorrect. [/home/cad/prj_eda/fpga/dsl_basys_stopwatch/dsl_basys_stopwatch.srcs/sources_1/new/clk_div.v:]
WARNING: [filemgmt 56-199] Attempt to get parsing info during refresh. "On-the-fly" syntax checking information may be incorrect. [/home/cad/prj_eda/fpga/dsl_basys_stopwatch/dsl_basys_stopwatch.srcs/sources_1/new/top_module.v:]
WARNING: [filemgmt 56-199] Attempt to get parsing info during refresh. "On-the-fly" syntax checking information may be incorrect. [/home/cad/prj_eda/fpga/dsl_basys_stopwatch/dsl_basys_stopwatch.srcs/sources_1/new/drv_4bcd.v:]
WARNING: [filemgmt 56-199] Attempt to get parsing info during refresh. "On-the-fly" syntax checking information may be incorrect. [/home/cad/prj_eda/fpga/dsl_basys_stopwatch/dsl_basys_stopwatch.srcs/sources_1/new/drv_7segment.v:]
WARNING: [filemgmt 56-199] Attempt to get parsing info during refresh. "On-the-fly" syntax checking information may be incorrect. [/home/cad/prj_eda/fpga/dsl_basys_stopwatch/dsl_basys_stopwatch.srcs/sources_1/new/clk_div.v:]
WARNING: [filemgmt 56-199] Attempt to get parsing info during refresh. "On-the-fly" syntax checking information may be incorrect. [/home/cad/prj_eda/fpga/dsl_basys_stopwatch/dsl_basys_stopwatch.srcs/sources_1/new/clk_div.v:]
WARNING: [filemgmt 56-199] Attempt to get parsing info during refresh. "On-the-fly" syntax checking information may be incorrect. [/home/cad/prj_eda/fpga/dsl_basys_stopwatch/dsl_basys_stopwatch.srcs/sources_1/new/clk_div.v:]
WARNING: [filemgmt 56-199] Attempt to get parsing info during refresh. "On-the-fly" syntax checking information may be incorrect. [/home/cad/prj_eda/fpga/dsl_basys_stopwatch/dsl_basys_stopwatch.srcs/sources_1/new/top_module.v:]
WARNING: [filemgmt 56-199] Attempt to get parsing info during refresh. "On-the-fly" syntax checking information may be incorrect. [/home/cad/prj_eda/fpga/dsl_basys_stopwatch/dsl_basys_stopwatch.srcs/sources_1/new/drv_4bcd.v:]
WARNING: [filemgmt 56-199] Attempt to get parsing info during refresh. "On-the-fly" syntax checking information may be incorrect. [/home/cad/prj_eda/fpga/dsl_basys_stopwatch/dsl_basys_stopwatch.srcs/sources_1/new/drv_7segment.v:]
WARNING: [filemgmt 56-199] Attempt to get parsing info during refresh. "On-the-fly" syntax checking information may be incorrect. [/home/cad/prj_eda/fpga/dsl_basys_stopwatch/dsl_basys_stopwatch.srcs/sources_1/new/drv_7segment.v:]
WARNING: [filemgmt 56-199] Attempt to get parsing info during refresh. "On-the-fly" syntax checking information may be incorrect. [/home/cad/prj_eda/fpga/dsl_basys_stopwatch/dsl_basys_stopwatch.srcs/sources_1/new/drv_7segment.v:]
WARNING: [filemgmt 56-199] Attempt to get parsing info during refresh. "On-the-fly" syntax checking information may be incorrect. [/home/cad/prj_eda/fpga/dsl_basys_stopwatch/dsl_basys_stopwatch.srcs/sources_1/new/clk_div.v:]
WARNING: [filemgmt 56-199] Attempt to get parsing info during refresh. "On-the-fly" syntax checking information may be incorrect. [/home/cad/prj_eda/fpga/dsl_basys_stopwatch/dsl_basys_stopwatch.srcs/sources_1/new/top_module.v:]
WARNING: [filemgmt 56-199] Attempt to get parsing info during refresh. "On-the-fly" syntax checking information may be incorrect. [/home/cad/prj_eda/fpga/dsl_basys_stopwatch/dsl_basys_stopwatch.srcs/sources_1/new/drv_4bcd.v:]
WARNING: [filemgmt 56-199] Attempt to get parsing info during refresh. "On-the-fly" syntax checking information may be incorrect. [/home/cad/prj_eda/fpga/dsl_basys_stopwatch/dsl_basys_stopwatch.srcs/sources_1/new/drv_7segment.v:]
WARNING: [filemgmt 56-199] Attempt to get parsing info during refresh. "On-the-fly" syntax checking information may be incorrect. [/home/cad/prj_eda/fpga/dsl_basys_stopwatch/dsl_basys_stopwatch.srcs/sources_1/new/top_module.v:]
WARNING: [filemgmt 56-199] Attempt to get parsing info during refresh. "On-the-fly" syntax checking information may be incorrect. [/home/cad/prj_eda/fpga/dsl_basys_stopwatch/dsl_basys_stopwatch.srcs/sources_1/new/top_module.v:]
WARNING: [filemgmt 56-199] Attempt to get parsing info during refresh. "On-the-fly" syntax checking information may be incorrect. [/home/cad/prj_eda/fpga/dsl_basys_stopwatch/dsl_basys_stopwatch.srcs/sources_1/new/clk_div.v:]
WARNING: [filemgmt 56-199] Attempt to get parsing info during refresh. "On-the-fly" syntax checking information may be incorrect. [/home/cad/prj_eda/fpga/dsl_basys_stopwatch/dsl_basys_stopwatch.srcs/sources_1/new/top_module.v:]
WARNING: [filemgmt 56-199] Attempt to get parsing info during refresh. "On-the-fly" syntax checking information may be incorrect. [/home/cad/prj_eda/fpga/dsl_basys_stopwatch/dsl_basys_stopwatch.srcs/sources_1/new/drv_4bcd.v:]
WARNING: [filemgmt 56-199] Attempt to get parsing info during refresh. "On-the-fly" syntax checking information may be incorrect. [/home/cad/prj_eda/fpga/dsl_basys_stopwatch/dsl_basys_stopwatch.srcs/sources_1/new/drv_7segment.v:]
WARNING: [filemgmt 56-199] Attempt to get parsing info during refresh. "On-the-fly" syntax checking information may be incorrect. [/home/cad/prj_eda/fpga/dsl_basys_stopwatch/dsl_basys_stopwatch.srcs/sources_1/new/clk_div.v:]
WARNING: [filemgmt 56-199] Attempt to get parsing info during refresh. "On-the-fly" syntax checking information may be incorrect. [/home/cad/prj_eda/fpga/dsl_basys_stopwatch/dsl_basys_stopwatch.srcs/sources_1/new/clk_div.v:]
WARNING: [filemgmt 56-199] Attempt to get parsing info during refresh. "On-the-fly" syntax checking information may be incorrect. [/home/cad/prj_eda/fpga/dsl_basys_stopwatch/dsl_basys_stopwatch.srcs/sources_1/new/clk_div.v:]
WARNING: [filemgmt 56-199] Attempt to get parsing info during refresh. "On-the-fly" syntax checking information may be incorrect. [/home/cad/prj_eda/fpga/dsl_basys_stopwatch/dsl_basys_stopwatch.srcs/sources_1/new/top_module.v:]
WARNING: [filemgmt 56-199] Attempt to get parsing info during refresh. "On-the-fly" syntax checking information may be incorrect. [/home/cad/prj_eda/fpga/dsl_basys_stopwatch/dsl_basys_stopwatch.srcs/sources_1/new/drv_4bcd.v:]
WARNING: [filemgmt 56-199] Attempt to get parsing info during refresh. "On-the-fly" syntax checking information may be incorrect. [/home/cad/prj_eda/fpga/dsl_basys_stopwatch/dsl_basys_stopwatch.srcs/sources_1/new/drv_7segment.v:]
WARNING: [filemgmt 56-199] Attempt to get parsing info during refresh. "On-the-fly" syntax checking information may be incorrect. [/home/cad/prj_eda/fpga/dsl_basys_stopwatch/dsl_basys_stopwatch.srcs/sources_1/new/drv_7segment.v:]
WARNING: [filemgmt 56-199] Attempt to get parsing info during refresh. "On-the-fly" syntax checking information may be incorrect. [/home/cad/prj_eda/fpga/dsl_basys_stopwatch/dsl_basys_stopwatch.srcs/sources_1/new/drv_7segment.v:]
WARNING: [filemgmt 56-199] Attempt to get parsing info during refresh. "On-the-fly" syntax checking information may be incorrect. [/home/cad/prj_eda/fpga/dsl_basys_stopwatch/dsl_basys_stopwatch.srcs/sources_1/new/clk_div.v:]
WARNING: [filemgmt 56-199] Attempt to get parsing info during refresh. "On-the-fly" syntax checking information may be incorrect. [/home/cad/prj_eda/fpga/dsl_basys_stopwatch/dsl_basys_stopwatch.srcs/sources_1/new/top_module.v:]
WARNING: [filemgmt 56-199] Attempt to get parsing info during refresh. "On-the-fly" syntax checking information may be incorrect. [/home/cad/prj_eda/fpga/dsl_basys_stopwatch/dsl_basys_stopwatch.srcs/sources_1/new/drv_4bcd.v:]
WARNING: [filemgmt 56-199] Attempt to get parsing info during refresh. "On-the-fly" syntax checking information may be incorrect. [/home/cad/prj_eda/fpga/dsl_basys_stopwatch/dsl_basys_stopwatch.srcs/sources_1/new/drv_7segment.v:]
WARNING: [filemgmt 56-199] Attempt to get parsing info during refresh. "On-the-fly" syntax checking information may be incorrect. [/home/cad/prj_eda/fpga/dsl_basys_stopwatch/dsl_basys_stopwatch.srcs/sources_1/new/clk_div.v:]
WARNING: [filemgmt 56-199] Attempt to get parsing info during refresh. "On-the-fly" syntax checking information may be incorrect. [/home/cad/prj_eda/fpga/dsl_basys_stopwatch/dsl_basys_stopwatch.srcs/sources_1/new/clk_div.v:]
WARNING: [filemgmt 56-199] Attempt to get parsing info during refresh. "On-the-fly" syntax checking information may be incorrect. [/home/cad/prj_eda/fpga/dsl_basys_stopwatch/dsl_basys_stopwatch.srcs/sources_1/new/clk_div.v:]
WARNING: [filemgmt 56-199] Attempt to get parsing info during refresh. "On-the-fly" syntax checking information may be incorrect. [/home/cad/prj_eda/fpga/dsl_basys_stopwatch/dsl_basys_stopwatch.srcs/sources_1/new/top_module.v:]
WARNING: [filemgmt 56-199] Attempt to get parsing info during refresh. "On-the-fly" syntax checking information may be incorrect. [/home/cad/prj_eda/fpga/dsl_basys_stopwatch/dsl_basys_stopwatch.srcs/sources_1/new/drv_4bcd.v:]
WARNING: [filemgmt 56-199] Attempt to get parsing info during refresh. "On-the-fly" syntax checking information may be incorrect. [/home/cad/prj_eda/fpga/dsl_basys_stopwatch/dsl_basys_stopwatch.srcs/sources_1/new/drv_7segment.v:]
WARNING: [filemgmt 56-199] Attempt to get parsing info during refresh. "On-the-fly" syntax checking information may be incorrect. [/home/cad/prj_eda/fpga/dsl_basys_stopwatch/dsl_basys_stopwatch.srcs/sources_1/new/drv_7segment.v:]
WARNING: [filemgmt 56-199] Attempt to get parsing info during refresh. "On-the-fly" syntax checking information may be incorrect. [/home/cad/prj_eda/fpga/dsl_basys_stopwatch/dsl_basys_stopwatch.srcs/sources_1/new/drv_7segment.v:]
WARNING: [filemgmt 56-199] Attempt to get parsing info during refresh. "On-the-fly" syntax checking information may be incorrect. [/home/cad/prj_eda/fpga/dsl_basys_stopwatch/dsl_basys_stopwatch.srcs/sources_1/new/clk_div.v:]
WARNING: [filemgmt 56-199] Attempt to get parsing info during refresh. "On-the-fly" syntax checking information may be incorrect. [/home/cad/prj_eda/fpga/dsl_basys_stopwatch/dsl_basys_stopwatch.srcs/sources_1/new/top_module.v:]
WARNING: [filemgmt 56-199] Attempt to get parsing info during refresh. "On-the-fly" syntax checking information may be incorrect. [/home/cad/prj_eda/fpga/dsl_basys_stopwatch/dsl_basys_stopwatch.srcs/sources_1/new/drv_4bcd.v:]
WARNING: [filemgmt 56-199] Attempt to get parsing info during refresh. "On-the-fly" syntax checking information may be incorrect. [/home/cad/prj_eda/fpga/dsl_basys_stopwatch/dsl_basys_stopwatch.srcs/sources_1/new/drv_7segment.v:]
WARNING: [filemgmt 56-199] Attempt to get parsing info during refresh. "On-the-fly" syntax checking information may be incorrect. [/home/cad/prj_eda/fpga/dsl_basys_stopwatch/dsl_basys_stopwatch.srcs/sources_1/new/top_module.v:]
WARNING: [filemgmt 56-199] Attempt to get parsing info during refresh. "On-the-fly" syntax checking information may be incorrect. [/home/cad/prj_eda/fpga/dsl_basys_stopwatch/dsl_basys_stopwatch.srcs/sources_1/new/top_module.v:]
WARNING: [filemgmt 56-199] Attempt to get parsing info during refresh. "On-the-fly" syntax checking information may be incorrect. [/home/cad/prj_eda/fpga/dsl_basys_stopwatch/dsl_basys_stopwatch.srcs/sources_1/new/clk_div.v:]
WARNING: [filemgmt 56-199] Attempt to get parsing info during refresh. "On-the-fly" syntax checking information may be incorrect. [/home/cad/prj_eda/fpga/dsl_basys_stopwatch/dsl_basys_stopwatch.srcs/sources_1/new/top_module.v:]
WARNING: [filemgmt 56-199] Attempt to get parsing info during refresh. "On-the-fly" syntax checking information may be incorrect. [/home/cad/prj_eda/fpga/dsl_basys_stopwatch/dsl_basys_stopwatch.srcs/sources_1/new/drv_4bcd.v:]
WARNING: [filemgmt 56-199] Attempt to get parsing info during refresh. "On-the-fly" syntax checking information may be incorrect. [/home/cad/prj_eda/fpga/dsl_basys_stopwatch/dsl_basys_stopwatch.srcs/sources_1/new/drv_7segment.v:]
WARNING: [filemgmt 56-199] Attempt to get parsing info during refresh. "On-the-fly" syntax checking information may be incorrect. [/home/cad/prj_eda/fpga/dsl_basys_stopwatch/dsl_basys_stopwatch.srcs/sources_1/new/drv_4bcd.v:]
WARNING: [filemgmt 56-199] Attempt to get parsing info during refresh. "On-the-fly" syntax checking information may be incorrect. [/home/cad/prj_eda/fpga/dsl_basys_stopwatch/dsl_basys_stopwatch.srcs/sources_1/new/drv_4bcd.v:]
WARNING: [filemgmt 56-199] Attempt to get parsing info during refresh. "On-the-fly" syntax checking information may be incorrect. [/home/cad/prj_eda/fpga/dsl_basys_stopwatch/dsl_basys_stopwatch.srcs/sources_1/new/clk_div.v:]
WARNING: [filemgmt 56-199] Attempt to get parsing info during refresh. "On-the-fly" syntax checking information may be incorrect. [/home/cad/prj_eda/fpga/dsl_basys_stopwatch/dsl_basys_stopwatch.srcs/sources_1/new/top_module.v:]
WARNING: [filemgmt 56-199] Attempt to get parsing info during refresh. "On-the-fly" syntax checking information may be incorrect. [/home/cad/prj_eda/fpga/dsl_basys_stopwatch/dsl_basys_stopwatch.srcs/sources_1/new/drv_4bcd.v:]
WARNING: [filemgmt 56-199] Attempt to get parsing info during refresh. "On-the-fly" syntax checking information may be incorrect. [/home/cad/prj_eda/fpga/dsl_basys_stopwatch/dsl_basys_stopwatch.srcs/sources_1/new/drv_7segment.v:]
WARNING: [filemgmt 56-199] Attempt to get parsing info during refresh. "On-the-fly" syntax checking information may be incorrect. [/home/cad/prj_eda/fpga/dsl_basys_stopwatch/dsl_basys_stopwatch.srcs/sources_1/new/top_module.v:]
WARNING: [filemgmt 56-199] Attempt to get parsing info during refresh. "On-the-fly" syntax checking information may be incorrect. [/home/cad/prj_eda/fpga/dsl_basys_stopwatch/dsl_basys_stopwatch.srcs/sources_1/new/top_module.v:]
WARNING: [filemgmt 56-199] Attempt to get parsing info during refresh. "On-the-fly" syntax checking information may be incorrect. [/home/cad/prj_eda/fpga/dsl_basys_stopwatch/dsl_basys_stopwatch.srcs/sources_1/new/clk_div.v:]
WARNING: [filemgmt 56-199] Attempt to get parsing info during refresh. "On-the-fly" syntax checking information may be incorrect. [/home/cad/prj_eda/fpga/dsl_basys_stopwatch/dsl_basys_stopwatch.srcs/sources_1/new/top_module.v:]
WARNING: [filemgmt 56-199] Attempt to get parsing info during refresh. "On-the-fly" syntax checking information may be incorrect. [/home/cad/prj_eda/fpga/dsl_basys_stopwatch/dsl_basys_stopwatch.srcs/sources_1/new/drv_4bcd.v:]
WARNING: [filemgmt 56-199] Attempt to get parsing info during refresh. "On-the-fly" syntax checking information may be incorrect. [/home/cad/prj_eda/fpga/dsl_basys_stopwatch/dsl_basys_stopwatch.srcs/sources_1/new/drv_7segment.v:]
WARNING: [filemgmt 56-199] Attempt to get parsing info during refresh. "On-the-fly" syntax checking information may be incorrect. [/home/cad/prj_eda/fpga/dsl_basys_stopwatch/dsl_basys_stopwatch.srcs/sources_1/new/drv_7segment.v:]
WARNING: [filemgmt 56-199] Attempt to get parsing info during refresh. "On-the-fly" syntax checking information may be incorrect. [/home/cad/prj_eda/fpga/dsl_basys_stopwatch/dsl_basys_stopwatch.srcs/sources_1/new/drv_7segment.v:]
WARNING: [filemgmt 56-199] Attempt to get parsing info during refresh. "On-the-fly" syntax checking information may be incorrect. [/home/cad/prj_eda/fpga/dsl_basys_stopwatch/dsl_basys_stopwatch.srcs/sources_1/new/clk_div.v:]
WARNING: [filemgmt 56-199] Attempt to get parsing info during refresh. "On-the-fly" syntax checking information may be incorrect. [/home/cad/prj_eda/fpga/dsl_basys_stopwatch/dsl_basys_stopwatch.srcs/sources_1/new/top_module.v:]
WARNING: [filemgmt 56-199] Attempt to get parsing info during refresh. "On-the-fly" syntax checking information may be incorrect. [/home/cad/prj_eda/fpga/dsl_basys_stopwatch/dsl_basys_stopwatch.srcs/sources_1/new/drv_4bcd.v:]
WARNING: [filemgmt 56-199] Attempt to get parsing info during refresh. "On-the-fly" syntax checking information may be incorrect. [/home/cad/prj_eda/fpga/dsl_basys_stopwatch/dsl_basys_stopwatch.srcs/sources_1/new/drv_7segment.v:]
WARNING: [filemgmt 56-199] Attempt to get parsing info during refresh. "On-the-fly" syntax checking information may be incorrect. [/home/cad/prj_eda/fpga/dsl_basys_stopwatch/dsl_basys_stopwatch.srcs/sources_1/new/drv_4bcd.v:]
WARNING: [filemgmt 56-199] Attempt to get parsing info during refresh. "On-the-fly" syntax checking information may be incorrect. [/home/cad/prj_eda/fpga/dsl_basys_stopwatch/dsl_basys_stopwatch.srcs/sources_1/new/drv_4bcd.v:]
WARNING: [filemgmt 56-199] Attempt to get parsing info during refresh. "On-the-fly" syntax checking information may be incorrect. [/home/cad/prj_eda/fpga/dsl_basys_stopwatch/dsl_basys_stopwatch.srcs/sources_1/new/clk_div.v:]
WARNING: [filemgmt 56-199] Attempt to get parsing info during refresh. "On-the-fly" syntax checking information may be incorrect. [/home/cad/prj_eda/fpga/dsl_basys_stopwatch/dsl_basys_stopwatch.srcs/sources_1/new/top_module.v:]
WARNING: [filemgmt 56-199] Attempt to get parsing info during refresh. "On-the-fly" syntax checking information may be incorrect. [/home/cad/prj_eda/fpga/dsl_basys_stopwatch/dsl_basys_stopwatch.srcs/sources_1/new/drv_4bcd.v:]
WARNING: [filemgmt 56-199] Attempt to get parsing info during refresh. "On-the-fly" syntax checking information may be incorrect. [/home/cad/prj_eda/fpga/dsl_basys_stopwatch/dsl_basys_stopwatch.srcs/sources_1/new/drv_7segment.v:]
WARNING: [filemgmt 56-199] Attempt to get parsing info during refresh. "On-the-fly" syntax checking information may be incorrect. [/home/cad/prj_eda/fpga/dsl_basys_stopwatch/dsl_basys_stopwatch.srcs/sources_1/new/drv_7segment.v:]
WARNING: [filemgmt 56-199] Attempt to get parsing info during refresh. "On-the-fly" syntax checking information may be incorrect. [/home/cad/prj_eda/fpga/dsl_basys_stopwatch/dsl_basys_stopwatch.srcs/sources_1/new/drv_7segment.v:]
WARNING: [filemgmt 56-199] Attempt to get parsing info during refresh. "On-the-fly" syntax checking information may be incorrect. [/home/cad/prj_eda/fpga/dsl_basys_stopwatch/dsl_basys_stopwatch.srcs/sources_1/new/clk_div.v:]
WARNING: [filemgmt 56-199] Attempt to get parsing info during refresh. "On-the-fly" syntax checking information may be incorrect. [/home/cad/prj_eda/fpga/dsl_basys_stopwatch/dsl_basys_stopwatch.srcs/sources_1/new/top_module.v:]
WARNING: [filemgmt 56-199] Attempt to get parsing info during refresh. "On-the-fly" syntax checking information may be incorrect. [/home/cad/prj_eda/fpga/dsl_basys_stopwatch/dsl_basys_stopwatch.srcs/sources_1/new/drv_4bcd.v:]
WARNING: [filemgmt 56-199] Attempt to get parsing info during refresh. "On-the-fly" syntax checking information may be incorrect. [/home/cad/prj_eda/fpga/dsl_basys_stopwatch/dsl_basys_stopwatch.srcs/sources_1/new/drv_7segment.v:]
WARNING: [filemgmt 56-199] Attempt to get parsing info during refresh. "On-the-fly" syntax checking information may be incorrect. [/home/cad/prj_eda/fpga/dsl_basys_stopwatch/dsl_basys_stopwatch.srcs/sources_1/new/top_module.v:]
WARNING: [filemgmt 56-199] Attempt to get parsing info during refresh. "On-the-fly" syntax checking information may be incorrect. [/home/cad/prj_eda/fpga/dsl_basys_stopwatch/dsl_basys_stopwatch.srcs/sources_1/new/top_module.v:]
update_compile_order -fileset sources_1
WARNING: [filemgmt 56-199] Attempt to get parsing info during refresh. "On-the-fly" syntax checking information may be incorrect. [/home/cad/prj_eda/fpga/dsl_basys_stopwatch/dsl_basys_stopwatch.srcs/sources_1/new/clk_div.v:]
WARNING: [filemgmt 56-199] Attempt to get parsing info during refresh. "On-the-fly" syntax checking information may be incorrect. [/home/cad/prj_eda/fpga/dsl_basys_stopwatch/dsl_basys_stopwatch.srcs/sources_1/new/top_module.v:]
WARNING: [filemgmt 56-199] Attempt to get parsing info during refresh. "On-the-fly" syntax checking information may be incorrect. [/home/cad/prj_eda/fpga/dsl_basys_stopwatch/dsl_basys_stopwatch.srcs/sources_1/new/drv_4bcd.v:]
WARNING: [filemgmt 56-199] Attempt to get parsing info during refresh. "On-the-fly" syntax checking information may be incorrect. [/home/cad/prj_eda/fpga/dsl_basys_stopwatch/dsl_basys_stopwatch.srcs/sources_1/new/drv_7segment.v:]
WARNING: [filemgmt 56-199] Attempt to get parsing info during refresh. "On-the-fly" syntax checking information may be incorrect. [/home/cad/prj_eda/fpga/dsl_basys_stopwatch/dsl_basys_stopwatch.srcs/sources_1/new/clk_div.v:]
WARNING: [filemgmt 56-199] Attempt to get parsing info during refresh. "On-the-fly" syntax checking information may be incorrect. [/home/cad/prj_eda/fpga/dsl_basys_stopwatch/dsl_basys_stopwatch.srcs/sources_1/new/clk_div.v:]
WARNING: [filemgmt 56-199] Attempt to get parsing info during refresh. "On-the-fly" syntax checking information may be incorrect. [/home/cad/prj_eda/fpga/dsl_basys_stopwatch/dsl_basys_stopwatch.srcs/sources_1/new/clk_div.v:]
WARNING: [filemgmt 56-199] Attempt to get parsing info during refresh. "On-the-fly" syntax checking information may be incorrect. [/home/cad/prj_eda/fpga/dsl_basys_stopwatch/dsl_basys_stopwatch.srcs/sources_1/new/top_module.v:]
WARNING: [filemgmt 56-199] Attempt to get parsing info during refresh. "On-the-fly" syntax checking information may be incorrect. [/home/cad/prj_eda/fpga/dsl_basys_stopwatch/dsl_basys_stopwatch.srcs/sources_1/new/drv_4bcd.v:]
WARNING: [filemgmt 56-199] Attempt to get parsing info during refresh. "On-the-fly" syntax checking information may be incorrect. [/home/cad/prj_eda/fpga/dsl_basys_stopwatch/dsl_basys_stopwatch.srcs/sources_1/new/drv_7segment.v:]
WARNING: [filemgmt 56-199] Attempt to get parsing info during refresh. "On-the-fly" syntax checking information may be incorrect. [/home/cad/prj_eda/fpga/dsl_basys_stopwatch/dsl_basys_stopwatch.srcs/sources_1/new/top_module.v:]
WARNING: [filemgmt 56-199] Attempt to get parsing info during refresh. "On-the-fly" syntax checking information may be incorrect. [/home/cad/prj_eda/fpga/dsl_basys_stopwatch/dsl_basys_stopwatch.srcs/sources_1/new/top_module.v:]
WARNING: [filemgmt 56-199] Attempt to get parsing info during refresh. "On-the-fly" syntax checking information may be incorrect. [/home/cad/prj_eda/fpga/dsl_basys_stopwatch/dsl_basys_stopwatch.srcs/sources_1/new/clk_div.v:]
WARNING: [filemgmt 56-199] Attempt to get parsing info during refresh. "On-the-fly" syntax checking information may be incorrect. [/home/cad/prj_eda/fpga/dsl_basys_stopwatch/dsl_basys_stopwatch.srcs/sources_1/new/top_module.v:]
WARNING: [filemgmt 56-199] Attempt to get parsing info during refresh. "On-the-fly" syntax checking information may be incorrect. [/home/cad/prj_eda/fpga/dsl_basys_stopwatch/dsl_basys_stopwatch.srcs/sources_1/new/drv_4bcd.v:]
WARNING: [filemgmt 56-199] Attempt to get parsing info during refresh. "On-the-fly" syntax checking information may be incorrect. [/home/cad/prj_eda/fpga/dsl_basys_stopwatch/dsl_basys_stopwatch.srcs/sources_1/new/drv_7segment.v:]
WARNING: [filemgmt 56-199] Attempt to get parsing info during refresh. "On-the-fly" syntax checking information may be incorrect. [/home/cad/prj_eda/fpga/dsl_basys_stopwatch/dsl_basys_stopwatch.srcs/sources_1/new/drv_7segment.v:]
WARNING: [filemgmt 56-199] Attempt to get parsing info during refresh. "On-the-fly" syntax checking information may be incorrect. [/home/cad/prj_eda/fpga/dsl_basys_stopwatch/dsl_basys_stopwatch.srcs/sources_1/new/drv_7segment.v:]
launch_runs impl_1 -to_step write_bitstream -jobs 10
[Sat Jan 25 18:48:46 2025] Launched synth_1...
Run output will be captured here: /home/cad/prj_eda/fpga/dsl_basys_stopwatch/dsl_basys_stopwatch.runs/synth_1/runme.log
[Sat Jan 25 18:48:46 2025] Launched impl_1...
Run output will be captured here: /home/cad/prj_eda/fpga/dsl_basys_stopwatch/dsl_basys_stopwatch.runs/impl_1/runme.log
WARNING: [filemgmt 56-199] Attempt to get parsing info during refresh. "On-the-fly" syntax checking information may be incorrect. [/home/cad/prj_eda/fpga/dsl_basys_stopwatch/dsl_basys_stopwatch.srcs/sources_1/new/clk_div.v:]
WARNING: [filemgmt 56-199] Attempt to get parsing info during refresh. "On-the-fly" syntax checking information may be incorrect. [/home/cad/prj_eda/fpga/dsl_basys_stopwatch/dsl_basys_stopwatch.srcs/sources_1/new/top_module.v:]
WARNING: [filemgmt 56-199] Attempt to get parsing info during refresh. "On-the-fly" syntax checking information may be incorrect. [/home/cad/prj_eda/fpga/dsl_basys_stopwatch/dsl_basys_stopwatch.srcs/sources_1/new/drv_4bcd.v:]
WARNING: [filemgmt 56-199] Attempt to get parsing info during refresh. "On-the-fly" syntax checking information may be incorrect. [/home/cad/prj_eda/fpga/dsl_basys_stopwatch/dsl_basys_stopwatch.srcs/sources_1/new/drv_7segment.v:]
WARNING: [filemgmt 56-199] Attempt to get parsing info during refresh. "On-the-fly" syntax checking information may be incorrect. [/home/cad/prj_eda/fpga/dsl_basys_stopwatch/dsl_basys_stopwatch.srcs/sources_1/new/clk_div.v:]
WARNING: [filemgmt 56-199] Attempt to get parsing info during refresh. "On-the-fly" syntax checking information may be incorrect. [/home/cad/prj_eda/fpga/dsl_basys_stopwatch/dsl_basys_stopwatch.srcs/sources_1/new/clk_div.v:]
WARNING: [filemgmt 56-199] Attempt to get parsing info during refresh. "On-the-fly" syntax checking information may be incorrect. [/home/cad/prj_eda/fpga/dsl_basys_stopwatch/dsl_basys_stopwatch.srcs/sources_1/new/clk_div.v:]
WARNING: [filemgmt 56-199] Attempt to get parsing info during refresh. "On-the-fly" syntax checking information may be incorrect. [/home/cad/prj_eda/fpga/dsl_basys_stopwatch/dsl_basys_stopwatch.srcs/sources_1/new/top_module.v:]
WARNING: [filemgmt 56-199] Attempt to get parsing info during refresh. "On-the-fly" syntax checking information may be incorrect. [/home/cad/prj_eda/fpga/dsl_basys_stopwatch/dsl_basys_stopwatch.srcs/sources_1/new/drv_4bcd.v:]
WARNING: [filemgmt 56-199] Attempt to get parsing info during refresh. "On-the-fly" syntax checking information may be incorrect. [/home/cad/prj_eda/fpga/dsl_basys_stopwatch/dsl_basys_stopwatch.srcs/sources_1/new/drv_7segment.v:]
WARNING: [filemgmt 56-199] Attempt to get parsing info during refresh. "On-the-fly" syntax checking information may be incorrect. [/home/cad/prj_eda/fpga/dsl_basys_stopwatch/dsl_basys_stopwatch.srcs/sources_1/new/drv_7segment.v:]
WARNING: [filemgmt 56-199] Attempt to get parsing info during refresh. "On-the-fly" syntax checking information may be incorrect. [/home/cad/prj_eda/fpga/dsl_basys_stopwatch/dsl_basys_stopwatch.srcs/sources_1/new/drv_7segment.v:]
WARNING: [filemgmt 56-199] Attempt to get parsing info during refresh. "On-the-fly" syntax checking information may be incorrect. [/home/cad/prj_eda/fpga/dsl_basys_stopwatch/dsl_basys_stopwatch.srcs/sources_1/new/clk_div.v:]
WARNING: [filemgmt 56-199] Attempt to get parsing info during refresh. "On-the-fly" syntax checking information may be incorrect. [/home/cad/prj_eda/fpga/dsl_basys_stopwatch/dsl_basys_stopwatch.srcs/sources_1/new/top_module.v:]
WARNING: [filemgmt 56-199] Attempt to get parsing info during refresh. "On-the-fly" syntax checking information may be incorrect. [/home/cad/prj_eda/fpga/dsl_basys_stopwatch/dsl_basys_stopwatch.srcs/sources_1/new/drv_4bcd.v:]
WARNING: [filemgmt 56-199] Attempt to get parsing info during refresh. "On-the-fly" syntax checking information may be incorrect. [/home/cad/prj_eda/fpga/dsl_basys_stopwatch/dsl_basys_stopwatch.srcs/sources_1/new/drv_7segment.v:]
WARNING: [filemgmt 56-199] Attempt to get parsing info during refresh. "On-the-fly" syntax checking information may be incorrect. [/home/cad/prj_eda/fpga/dsl_basys_stopwatch/dsl_basys_stopwatch.srcs/sources_1/new/top_module.v:]
WARNING: [filemgmt 56-199] Attempt to get parsing info during refresh. "On-the-fly" syntax checking information may be incorrect. [/home/cad/prj_eda/fpga/dsl_basys_stopwatch/dsl_basys_stopwatch.srcs/sources_1/new/top_module.v:]
set_property board_part digilentinc.com:basys3:part0:1.2 [current_project]
WARNING: [Project 1-153] The current project device 'xc7k70tfbv676-1' does not match with the device on the 'DIGILENTINC.COM:BASYS3:PART0:1.2' board part. A device change to match the device on 'DIGILENTINC.COM:BASYS3:PART0:1.2' board part is being done. Please upgrade the IP in the project via the upgrade_ip command or by selecting Reports => Reports IP Status.
INFO: [Project 1-152] Project part set to artix7 (xc7a35tcpg236-1)
reset_run synth_1
INFO: [Project 1-1160] Copying file /home/cad/prj_eda/fpga/dsl_basys_stopwatch/dsl_basys_stopwatch.runs/synth_1/top_module.dcp to /home/cad/prj_eda/fpga/dsl_basys_stopwatch/dsl_basys_stopwatch.srcs/utils_1/imports/synth_1 and adding it to utils fileset
CRITICAL WARNING: [Runs 36-271] Incremental checkpoint part, xc7k70tfbv676-1, does not match run part, xc7a35tcpg236-1.
WARNING: [filemgmt 56-199] Attempt to get parsing info during refresh. "On-the-fly" syntax checking information may be incorrect. [/home/cad/prj_eda/fpga/dsl_basys_stopwatch/dsl_basys_stopwatch.srcs/sources_1/new/clk_div.v:]
WARNING: [filemgmt 56-199] Attempt to get parsing info during refresh. "On-the-fly" syntax checking information may be incorrect. [/home/cad/prj_eda/fpga/dsl_basys_stopwatch/dsl_basys_stopwatch.srcs/sources_1/new/top_module.v:]
WARNING: [filemgmt 56-199] Attempt to get parsing info during refresh. "On-the-fly" syntax checking information may be incorrect. [/home/cad/prj_eda/fpga/dsl_basys_stopwatch/dsl_basys_stopwatch.srcs/sources_1/new/drv_4bcd.v:]
WARNING: [filemgmt 56-199] Attempt to get parsing info during refresh. "On-the-fly" syntax checking information may be incorrect. [/home/cad/prj_eda/fpga/dsl_basys_stopwatch/dsl_basys_stopwatch.srcs/sources_1/new/drv_7segment.v:]
WARNING: [filemgmt 56-199] Attempt to get parsing info during refresh. "On-the-fly" syntax checking information may be incorrect. [/home/cad/prj_eda/fpga/dsl_basys_stopwatch/dsl_basys_stopwatch.srcs/sources_1/new/drv_4bcd.v:]
WARNING: [filemgmt 56-199] Attempt to get parsing info during refresh. "On-the-fly" syntax checking information may be incorrect. [/home/cad/prj_eda/fpga/dsl_basys_stopwatch/dsl_basys_stopwatch.srcs/sources_1/new/drv_4bcd.v:]
WARNING: [filemgmt 56-199] Attempt to get parsing info during refresh. "On-the-fly" syntax checking information may be incorrect. [/home/cad/prj_eda/fpga/dsl_basys_stopwatch/dsl_basys_stopwatch.srcs/sources_1/new/clk_div.v:]
WARNING: [filemgmt 56-199] Attempt to get parsing info during refresh. "On-the-fly" syntax checking information may be incorrect. [/home/cad/prj_eda/fpga/dsl_basys_stopwatch/dsl_basys_stopwatch.srcs/sources_1/new/top_module.v:]
WARNING: [filemgmt 56-199] Attempt to get parsing info during refresh. "On-the-fly" syntax checking information may be incorrect. [/home/cad/prj_eda/fpga/dsl_basys_stopwatch/dsl_basys_stopwatch.srcs/sources_1/new/drv_4bcd.v:]
WARNING: [filemgmt 56-199] Attempt to get parsing info during refresh. "On-the-fly" syntax checking information may be incorrect. [/home/cad/prj_eda/fpga/dsl_basys_stopwatch/dsl_basys_stopwatch.srcs/sources_1/new/drv_7segment.v:]
WARNING: [filemgmt 56-199] Attempt to get parsing info during refresh. "On-the-fly" syntax checking information may be incorrect. [/home/cad/prj_eda/fpga/dsl_basys_stopwatch/dsl_basys_stopwatch.srcs/sources_1/new/drv_7segment.v:]
WARNING: [filemgmt 56-199] Attempt to get parsing info during refresh. "On-the-fly" syntax checking information may be incorrect. [/home/cad/prj_eda/fpga/dsl_basys_stopwatch/dsl_basys_stopwatch.srcs/sources_1/new/drv_7segment.v:]
WARNING: [filemgmt 56-199] Attempt to get parsing info during refresh. "On-the-fly" syntax checking information may be incorrect. [/home/cad/prj_eda/fpga/dsl_basys_stopwatch/dsl_basys_stopwatch.srcs/sources_1/new/clk_div.v:]
WARNING: [filemgmt 56-199] Attempt to get parsing info during refresh. "On-the-fly" syntax checking information may be incorrect. [/home/cad/prj_eda/fpga/dsl_basys_stopwatch/dsl_basys_stopwatch.srcs/sources_1/new/top_module.v:]
WARNING: [filemgmt 56-199] Attempt to get parsing info during refresh. "On-the-fly" syntax checking information may be incorrect. [/home/cad/prj_eda/fpga/dsl_basys_stopwatch/dsl_basys_stopwatch.srcs/sources_1/new/drv_4bcd.v:]
WARNING: [filemgmt 56-199] Attempt to get parsing info during refresh. "On-the-fly" syntax checking information may be incorrect. [/home/cad/prj_eda/fpga/dsl_basys_stopwatch/dsl_basys_stopwatch.srcs/sources_1/new/drv_7segment.v:]
WARNING: [filemgmt 56-199] Attempt to get parsing info during refresh. "On-the-fly" syntax checking information may be incorrect. [/home/cad/prj_eda/fpga/dsl_basys_stopwatch/dsl_basys_stopwatch.srcs/sources_1/new/top_module.v:]
WARNING: [filemgmt 56-199] Attempt to get parsing info during refresh. "On-the-fly" syntax checking information may be incorrect. [/home/cad/prj_eda/fpga/dsl_basys_stopwatch/dsl_basys_stopwatch.srcs/sources_1/new/top_module.v:]
launch_runs impl_1 -to_step write_bitstream -jobs 10
[Sat Jan 25 18:54:20 2025] Launched synth_1...
Run output will be captured here: /home/cad/prj_eda/fpga/dsl_basys_stopwatch/dsl_basys_stopwatch.runs/synth_1/runme.log
[Sat Jan 25 18:54:20 2025] Launched impl_1...
Run output will be captured here: /home/cad/prj_eda/fpga/dsl_basys_stopwatch/dsl_basys_stopwatch.runs/impl_1/runme.log
open_hw_manager
connect_hw_server -allow_non_jtag
INFO: [Labtools 27-2285] Connecting to hw_server url TCP:localhost:3121
INFO: [Labtools 27-2222] Launching hw_server...
INFO: [Labtools 27-2221] Launch Output:

****** Xilinx hw_server v2024.2.1
  **** Build date : Dec  9 2024 at 14:24:37
    ** Copyright 1986-2022 Xilinx, Inc. All Rights Reserved.


INFO: [Labtools 27-3415] Connecting to cs_server url TCP:localhost:0
INFO: [Labtools 27-3417] Launching cs_server...
INFO: [Labtools 27-2221] Launch Output:


******** Xilinx cs_server v2024.2.0
  ****** Build date   : Oct 31 2024-02:19:07
    **** Build number : 2024.2.1730312347
      ** Copyright 2017-2022 Xilinx, Inc. All Rights Reserved.
      ** Copyright 2022-2025 Advanced Micro Devices, Inc. All Rights Reserved.



open_hw_target
INFO: [Labtoolstcl 44-466] Opening hw_target localhost:3121/xilinx_tcf/Digilent/210183BA25BFA
set_property PROGRAM.FILE {/home/cad/prj_eda/fpga/dsl_basys_stopwatch/dsl_basys_stopwatch.runs/impl_1/top_module.bit} [get_hw_devices xc7a35t_0]
current_hw_device [get_hw_devices xc7a35t_0]
refresh_hw_device -update_hw_probes false [lindex [get_hw_devices xc7a35t_0] 0]
INFO: [Labtools 27-1435] Device xc7a35t (JTAG device index = 0) is not programmed (DONE status = 0).
set_property PROBES.FILE {} [get_hw_devices xc7a35t_0]
set_property FULL_PROBES.FILE {} [get_hw_devices xc7a35t_0]
set_property PROGRAM.FILE {/home/cad/prj_eda/fpga/dsl_basys_stopwatch/dsl_basys_stopwatch.runs/impl_1/top_module.bit} [get_hw_devices xc7a35t_0]
program_hw_devices [get_hw_devices xc7a35t_0]
INFO: [Labtools 27-3164] End of startup status: HIGH
refresh_hw_device [lindex [get_hw_devices xc7a35t_0] 0]
INFO: [Labtools 27-1434] Device xc7a35t (JTAG device index = 0) is programmed with a design that has no supported debug core(s) in it.
set_property PROBES.FILE {} [get_hw_devices xc7a35t_0]
set_property FULL_PROBES.FILE {} [get_hw_devices xc7a35t_0]
set_property PROGRAM.FILE {/home/cad/prj_eda/fpga/dsl_basys_stopwatch/dsl_basys_stopwatch.runs/impl_1/top_module.bit} [get_hw_devices xc7a35t_0]
program_hw_devices [get_hw_devices xc7a35t_0]
INFO: [Labtools 27-3164] End of startup status: HIGH
refresh_hw_device [lindex [get_hw_devices xc7a35t_0] 0]
INFO: [Labtools 27-1434] Device xc7a35t (JTAG device index = 0) is programmed with a design that has no supported debug core(s) in it.
exit
INFO: [Common 17-206] Exiting Vivado at Sat Jan 25 19:55:37 2025...
