
*** Running vivado
    with args -log top_module.vds -m64 -product Vivado -mode batch -messageDb vivado.pb -notrace -source top_module.tcl


****** Vivado v2024.2.1 (64-bit)
  **** SW Build 5266912 on Sun Dec 15 09:03:31 MST 2024
  **** IP Build 5264866 on Sun Dec 15 16:27:47 MST 2024
  **** SharedData Build 5264680 on Wed Dec 11 12:48:36 MST 2024
  **** Start of session at: Sat Jan 25 18:54:23 2025
    ** Copyright 1986-2022 Xilinx, Inc. All Rights Reserved.
    ** Copyright 2022-2024 Advanced Micro Devices, Inc. All Rights Reserved.

source top_module.tcl -notrace
Command: read_checkpoint -auto_incremental -incremental /home/cad/prj_eda/fpga/dsl_basys_stopwatch/dsl_basys_stopwatch.srcs/utils_1/imports/synth_1/top_module.dcp
INFO: [Vivado 12-5825] Read reference checkpoint from /home/cad/prj_eda/fpga/dsl_basys_stopwatch/dsl_basys_stopwatch.srcs/utils_1/imports/synth_1/top_module.dcp for incremental synthesis
INFO: [Vivado 12-7989] Please ensure there are no constraint changes
Command: synth_design -top top_module -part xc7a35tcpg236-1
Starting synth_design
Attempting to get a license for feature 'Synthesis' and/or device 'xc7a35t'
INFO: [Common 17-349] Got license for feature 'Synthesis' and/or device 'xc7a35t'
INFO: [Device 21-403] Loading part xc7a35tcpg236-1
INFO: [Designutils 20-5440] No compile time benefit to using incremental synthesis; A full resynthesis will be run
INFO: [Designutils 20-4379] Flow is switching to default flow due to incremental criteria not met. If you would like to alter this behaviour and have the flow terminate instead, please set the following parameter config_implementation {autoIncr.Synth.RejectBehavior Terminate}
INFO: [Synth 8-7079] Multithreading enabled for synth_design using a maximum of 7 processes.
INFO: [Synth 8-7078] Launching helper process for spawning children vivado processes
INFO: [Synth 8-7075] Helper process launched with PID 39456
---------------------------------------------------------------------------------
Starting RTL Elaboration : Time (s): cpu = 00:00:04 ; elapsed = 00:00:05 . Memory (MB): peak = 1880.469 ; gain = 427.770 ; free physical = 26799 ; free virtual = 63662
---------------------------------------------------------------------------------
INFO: [Synth 8-6157] synthesizing module 'top_module' [/home/cad/prj_eda/fpga/dsl_basys_stopwatch/dsl_basys_stopwatch.srcs/sources_1/new/top_module.v:1]
INFO: [Synth 8-6157] synthesizing module 'clk_div' [/home/cad/prj_eda/fpga/dsl_basys_stopwatch/dsl_basys_stopwatch.srcs/sources_1/new/clk_div.v:1]
INFO: [Synth 8-6155] done synthesizing module 'clk_div' (0#1) [/home/cad/prj_eda/fpga/dsl_basys_stopwatch/dsl_basys_stopwatch.srcs/sources_1/new/clk_div.v:1]
INFO: [Synth 8-6157] synthesizing module 'drv_4bcd' [/home/cad/prj_eda/fpga/dsl_basys_stopwatch/dsl_basys_stopwatch.srcs/sources_1/new/drv_4bcd.v:2]
INFO: [Synth 8-6157] synthesizing module 'BCD_counter' [/home/cad/prj_eda/fpga/dsl_basys_stopwatch/dsl_basys_stopwatch.srcs/sources_1/new/drv_4bcd.v:49]
	Parameter MAX_COUNT bound to: 9 - type: integer 
INFO: [Synth 8-6155] done synthesizing module 'BCD_counter' (0#1) [/home/cad/prj_eda/fpga/dsl_basys_stopwatch/dsl_basys_stopwatch.srcs/sources_1/new/drv_4bcd.v:49]
INFO: [Synth 8-6157] synthesizing module 'BCD_counter__parameterized0' [/home/cad/prj_eda/fpga/dsl_basys_stopwatch/dsl_basys_stopwatch.srcs/sources_1/new/drv_4bcd.v:49]
	Parameter MAX_COUNT bound to: 5 - type: integer 
INFO: [Synth 8-6155] done synthesizing module 'BCD_counter__parameterized0' (0#1) [/home/cad/prj_eda/fpga/dsl_basys_stopwatch/dsl_basys_stopwatch.srcs/sources_1/new/drv_4bcd.v:49]
INFO: [Synth 8-6155] done synthesizing module 'drv_4bcd' (0#1) [/home/cad/prj_eda/fpga/dsl_basys_stopwatch/dsl_basys_stopwatch.srcs/sources_1/new/drv_4bcd.v:2]
INFO: [Synth 8-6157] synthesizing module 'drv_7segment' [/home/cad/prj_eda/fpga/dsl_basys_stopwatch/dsl_basys_stopwatch.srcs/sources_1/new/drv_7segment.v:1]
INFO: [Synth 8-6155] done synthesizing module 'drv_7segment' (0#1) [/home/cad/prj_eda/fpga/dsl_basys_stopwatch/dsl_basys_stopwatch.srcs/sources_1/new/drv_7segment.v:1]
INFO: [Synth 8-6155] done synthesizing module 'top_module' (0#1) [/home/cad/prj_eda/fpga/dsl_basys_stopwatch/dsl_basys_stopwatch.srcs/sources_1/new/top_module.v:1]
---------------------------------------------------------------------------------
Finished RTL Elaboration : Time (s): cpu = 00:00:05 ; elapsed = 00:00:06 . Memory (MB): peak = 1952.406 ; gain = 499.707 ; free physical = 26721 ; free virtual = 63585
---------------------------------------------------------------------------------
---------------------------------------------------------------------------------
Start Handling Custom Attributes
---------------------------------------------------------------------------------
---------------------------------------------------------------------------------
Finished Handling Custom Attributes : Time (s): cpu = 00:00:06 ; elapsed = 00:00:06 . Memory (MB): peak = 1970.219 ; gain = 517.520 ; free physical = 26717 ; free virtual = 63581
---------------------------------------------------------------------------------
---------------------------------------------------------------------------------
Finished RTL Optimization Phase 1 : Time (s): cpu = 00:00:06 ; elapsed = 00:00:06 . Memory (MB): peak = 1970.219 ; gain = 517.520 ; free physical = 26717 ; free virtual = 63581
---------------------------------------------------------------------------------
Netlist sorting complete. Time (s): cpu = 00:00:00 ; elapsed = 00:00:00 . Memory (MB): peak = 1970.219 ; gain = 0.000 ; free physical = 26717 ; free virtual = 63581
INFO: [Project 1-570] Preparing netlist for logic optimization

Processing XDC Constraints
Initializing timing engine
Parsing XDC File [/home/cad/prj_eda/fpga/dsl_basys_stopwatch/dsl_basys_stopwatch.srcs/constrs_1/new/basys.xdc]
Finished Parsing XDC File [/home/cad/prj_eda/fpga/dsl_basys_stopwatch/dsl_basys_stopwatch.srcs/constrs_1/new/basys.xdc]
INFO: [Project 1-236] Implementation specific constraints were found while reading constraint file [/home/cad/prj_eda/fpga/dsl_basys_stopwatch/dsl_basys_stopwatch.srcs/constrs_1/new/basys.xdc]. These constraints will be ignored for synthesis but will be used in implementation. Impacted constraints are listed in the file [.Xil/top_module_propImpl.xdc].
Resolution: To avoid this warning, move constraints listed in [.Xil/top_module_propImpl.xdc] to another XDC file and exclude this new file from synthesis with the used_in_synthesis property (File Properties dialog in GUI) and re-run elaboration/synthesis.
Completed Processing XDC Constraints

Netlist sorting complete. Time (s): cpu = 00:00:00 ; elapsed = 00:00:00 . Memory (MB): peak = 2105.969 ; gain = 0.000 ; free physical = 26715 ; free virtual = 63588
INFO: [Project 1-111] Unisim Transformation Summary:
No Unisim elements were transformed.

Constraint Validation Runtime : Time (s): cpu = 00:00:00 ; elapsed = 00:00:00 . Memory (MB): peak = 2105.969 ; gain = 0.000 ; free physical = 26715 ; free virtual = 63588
INFO: [Designutils 20-5440] No compile time benefit to using incremental synthesis; A full resynthesis will be run
INFO: [Designutils 20-4379] Flow is switching to default flow due to incremental criteria not met. If you would like to alter this behaviour and have the flow terminate instead, please set the following parameter config_implementation {autoIncr.Synth.RejectBehavior Terminate}
---------------------------------------------------------------------------------
Finished Constraint Validation : Time (s): cpu = 00:00:11 ; elapsed = 00:00:12 . Memory (MB): peak = 2105.969 ; gain = 653.270 ; free physical = 26728 ; free virtual = 63602
---------------------------------------------------------------------------------
---------------------------------------------------------------------------------
Start Loading Part and Timing Information
---------------------------------------------------------------------------------
Loading part: xc7a35tcpg236-1
---------------------------------------------------------------------------------
Finished Loading Part and Timing Information : Time (s): cpu = 00:00:11 ; elapsed = 00:00:12 . Memory (MB): peak = 2113.973 ; gain = 661.273 ; free physical = 26728 ; free virtual = 63602
---------------------------------------------------------------------------------
---------------------------------------------------------------------------------
Start Applying 'set_property' XDC Constraints
---------------------------------------------------------------------------------
---------------------------------------------------------------------------------
Finished applying 'set_property' XDC Constraints : Time (s): cpu = 00:00:11 ; elapsed = 00:00:12 . Memory (MB): peak = 2113.973 ; gain = 661.273 ; free physical = 26728 ; free virtual = 63602
---------------------------------------------------------------------------------
INFO: [Synth 8-802] inferred FSM for state register 'an_r_reg' in module 'drv_7segment'
---------------------------------------------------------------------------------------------------
                   State |                     New Encoding |                Previous Encoding 
---------------------------------------------------------------------------------------------------
                 iSTATE3 |                              000 |                             0000
*
                 iSTATE0 |                              001 |                             0001
                 iSTATE1 |                              010 |                             0010
                 iSTATE2 |                              011 |                             0100
                  iSTATE |                              100 |                             1000
---------------------------------------------------------------------------------------------------
INFO: [Synth 8-3354] encoded FSM with state register 'an_r_reg' using encoding 'sequential' in module 'drv_7segment'
---------------------------------------------------------------------------------
Finished RTL Optimization Phase 2 : Time (s): cpu = 00:00:12 ; elapsed = 00:00:12 . Memory (MB): peak = 2113.973 ; gain = 661.273 ; free physical = 26735 ; free virtual = 63609
---------------------------------------------------------------------------------
---------------------------------------------------------------------------------
Start RTL Component Statistics 
---------------------------------------------------------------------------------
Detailed RTL Component Info : 
+---Adders : 
	   2 Input   17 Bit       Adders := 1     
	   2 Input    8 Bit       Adders := 1     
	   2 Input    4 Bit       Adders := 4     
+---Registers : 
	               17 Bit    Registers := 1     
	                8 Bit    Registers := 1     
	                4 Bit    Registers := 4     
	                1 Bit    Registers := 6     
+---Muxes : 
	   2 Input    4 Bit        Muxes := 4     
	   5 Input    4 Bit        Muxes := 2     
	   4 Input    3 Bit        Muxes := 1     
	   2 Input    1 Bit        Muxes := 4     
---------------------------------------------------------------------------------
Finished RTL Component Statistics 
---------------------------------------------------------------------------------
---------------------------------------------------------------------------------
Start Part Resource Summary
---------------------------------------------------------------------------------
Part Resources:
DSPs: 90 (col length:60)
BRAMs: 100 (col length: RAMB18 60 RAMB36 30)
---------------------------------------------------------------------------------
Finished Part Resource Summary
---------------------------------------------------------------------------------
---------------------------------------------------------------------------------
Start Cross Boundary and Area Optimization
---------------------------------------------------------------------------------
WARNING: [Synth 8-7080] Parallel synthesis criteria is not met
---------------------------------------------------------------------------------
Finished Cross Boundary and Area Optimization : Time (s): cpu = 00:00:13 ; elapsed = 00:00:14 . Memory (MB): peak = 2113.973 ; gain = 661.273 ; free physical = 26716 ; free virtual = 63594
---------------------------------------------------------------------------------
---------------------------------------------------------------------------------
Start Applying XDC Timing Constraints
---------------------------------------------------------------------------------
---------------------------------------------------------------------------------
Finished Applying XDC Timing Constraints : Time (s): cpu = 00:00:18 ; elapsed = 00:00:19 . Memory (MB): peak = 2142.973 ; gain = 690.273 ; free physical = 26652 ; free virtual = 63537
---------------------------------------------------------------------------------
---------------------------------------------------------------------------------
Start Timing Optimization
---------------------------------------------------------------------------------
---------------------------------------------------------------------------------
Finished Timing Optimization : Time (s): cpu = 00:00:18 ; elapsed = 00:00:19 . Memory (MB): peak = 2163.004 ; gain = 710.305 ; free physical = 26636 ; free virtual = 63522
---------------------------------------------------------------------------------
---------------------------------------------------------------------------------
Start Technology Mapping
---------------------------------------------------------------------------------
---------------------------------------------------------------------------------
Finished Technology Mapping : Time (s): cpu = 00:00:18 ; elapsed = 00:00:19 . Memory (MB): peak = 2163.004 ; gain = 710.305 ; free physical = 26643 ; free virtual = 63528
---------------------------------------------------------------------------------
---------------------------------------------------------------------------------
Start IO Insertion
---------------------------------------------------------------------------------
---------------------------------------------------------------------------------
Start Flattening Before IO Insertion
---------------------------------------------------------------------------------
---------------------------------------------------------------------------------
Finished Flattening Before IO Insertion
---------------------------------------------------------------------------------
---------------------------------------------------------------------------------
Start Final Netlist Cleanup
---------------------------------------------------------------------------------
---------------------------------------------------------------------------------
Finished Final Netlist Cleanup
---------------------------------------------------------------------------------
---------------------------------------------------------------------------------
Finished IO Insertion : Time (s): cpu = 00:00:21 ; elapsed = 00:00:23 . Memory (MB): peak = 2314.816 ; gain = 862.117 ; free physical = 26527 ; free virtual = 63412
---------------------------------------------------------------------------------
---------------------------------------------------------------------------------
Start Renaming Generated Instances
---------------------------------------------------------------------------------
---------------------------------------------------------------------------------
Finished Renaming Generated Instances : Time (s): cpu = 00:00:22 ; elapsed = 00:00:23 . Memory (MB): peak = 2314.816 ; gain = 862.117 ; free physical = 26527 ; free virtual = 63412
---------------------------------------------------------------------------------
---------------------------------------------------------------------------------
Start Rebuilding User Hierarchy
---------------------------------------------------------------------------------
---------------------------------------------------------------------------------
Finished Rebuilding User Hierarchy : Time (s): cpu = 00:00:22 ; elapsed = 00:00:23 . Memory (MB): peak = 2314.816 ; gain = 862.117 ; free physical = 26527 ; free virtual = 63412
---------------------------------------------------------------------------------
---------------------------------------------------------------------------------
Start Renaming Generated Ports
---------------------------------------------------------------------------------
---------------------------------------------------------------------------------
Finished Renaming Generated Ports : Time (s): cpu = 00:00:22 ; elapsed = 00:00:23 . Memory (MB): peak = 2314.816 ; gain = 862.117 ; free physical = 26527 ; free virtual = 63412
---------------------------------------------------------------------------------
---------------------------------------------------------------------------------
Start Handling Custom Attributes
---------------------------------------------------------------------------------
---------------------------------------------------------------------------------
Finished Handling Custom Attributes : Time (s): cpu = 00:00:22 ; elapsed = 00:00:23 . Memory (MB): peak = 2314.816 ; gain = 862.117 ; free physical = 26527 ; free virtual = 63412
---------------------------------------------------------------------------------
---------------------------------------------------------------------------------
Start Renaming Generated Nets
---------------------------------------------------------------------------------
---------------------------------------------------------------------------------
Finished Renaming Generated Nets : Time (s): cpu = 00:00:22 ; elapsed = 00:00:23 . Memory (MB): peak = 2314.816 ; gain = 862.117 ; free physical = 26527 ; free virtual = 63412
---------------------------------------------------------------------------------
---------------------------------------------------------------------------------
Start Writing Synthesis Report
---------------------------------------------------------------------------------

Report BlackBoxes: 
+-+--------------+----------+
| |BlackBox name |Instances |
+-+--------------+----------+
+-+--------------+----------+

Report Cell Usage: 
+------+-------+------+
|      |Cell   |Count |
+------+-------+------+
|1     |BUFG   |     1|
|2     |CARRY4 |     4|
|3     |LUT1   |     6|
|4     |LUT2   |     3|
|5     |LUT3   |     9|
|6     |LUT4   |    27|
|7     |LUT5   |    25|
|8     |LUT6   |     6|
|9     |FDCE   |    49|
|10    |IBUF   |     2|
|11    |OBUF   |    12|
+------+-------+------+
---------------------------------------------------------------------------------
Finished Writing Synthesis Report : Time (s): cpu = 00:00:22 ; elapsed = 00:00:23 . Memory (MB): peak = 2314.816 ; gain = 862.117 ; free physical = 26527 ; free virtual = 63412
---------------------------------------------------------------------------------
Synthesis finished with 0 errors, 0 critical warnings and 1 warnings.
Synthesis Optimization Runtime : Time (s): cpu = 00:00:20 ; elapsed = 00:00:22 . Memory (MB): peak = 2314.816 ; gain = 726.367 ; free physical = 26527 ; free virtual = 63412
Synthesis Optimization Complete : Time (s): cpu = 00:00:22 ; elapsed = 00:00:23 . Memory (MB): peak = 2314.824 ; gain = 862.117 ; free physical = 26527 ; free virtual = 63412
INFO: [Project 1-571] Translating synthesized netlist
Netlist sorting complete. Time (s): cpu = 00:00:00 ; elapsed = 00:00:00 . Memory (MB): peak = 2314.824 ; gain = 0.000 ; free physical = 26527 ; free virtual = 63412
INFO: [Netlist 29-17] Analyzing 4 Unisim elements for replacement
INFO: [Netlist 29-28] Unisim Transformation completed in 0 CPU seconds
INFO: [Project 1-570] Preparing netlist for logic optimization
INFO: [Opt 31-138] Pushed 0 inverter(s) to 0 load pin(s).
Netlist sorting complete. Time (s): cpu = 00:00:00 ; elapsed = 00:00:00 . Memory (MB): peak = 2370.844 ; gain = 0.000 ; free physical = 26696 ; free virtual = 63582
INFO: [Project 1-111] Unisim Transformation Summary:
No Unisim elements were transformed.

Synth Design complete | Checksum: dca060d1
INFO: [Common 17-83] Releasing license: Synthesis
35 Infos, 1 Warnings, 0 Critical Warnings and 0 Errors encountered.
synth_design completed successfully
synth_design: Time (s): cpu = 00:00:29 ; elapsed = 00:00:28 . Memory (MB): peak = 2370.844 ; gain = 938.926 ; free physical = 26696 ; free virtual = 63582
INFO: [Common 17-2834] synth_design peak Physical Memory [PSS] (MB): overall = 1646.164; main = 1537.471; forked = 269.780
INFO: [Common 17-2834] synth_design peak Virtual Memory [VSS] (MB): overall = 3103.969; main = 2370.848; forked = 915.961
Write ShapeDB Complete: Time (s): cpu = 00:00:00 ; elapsed = 00:00:00 . Memory (MB): peak = 2394.855 ; gain = 0.000 ; free physical = 26696 ; free virtual = 63582
INFO: [Common 17-1381] The checkpoint '/home/cad/prj_eda/fpga/dsl_basys_stopwatch/dsl_basys_stopwatch.runs/synth_1/top_module.dcp' has been generated.
INFO: [Vivado 12-24828] Executing command : report_utilization -file top_module_utilization_synth.rpt -pb top_module_utilization_synth.pb
INFO: [Common 17-206] Exiting Vivado at Sat Jan 25 18:54:56 2025...
